<?xml version="1.0" encoding="UTF-8"?>
<coverage generated="1636881321492" clover="3.2.0">
  <project timestamp="1636881321493" name="All files">
    <metrics statements="275" coveredstatements="199" conditionals="62" coveredconditionals="25" methods="93" coveredmethods="47" elements="430" coveredelements="271" complexity="0" loc="275" ncloc="275" packages="13" files="40" classes="40"/>
    <package name="GreenBayApp">
      <metrics statements="2" coveredstatements="2" conditionals="0" coveredconditionals="0" methods="1" coveredmethods="1"/>
      <file name="App.js" path="D:\My WorkSpace\SE_PROJECT_SEM_5\GreenBayApp\App.js">
        <metrics statements="2" coveredstatements="2" conditionals="0" coveredconditionals="0" methods="1" coveredmethods="1"/>
        <line num="125" count="2" type="stmt"/>
        <line num="140" count="1" type="stmt"/>
      </file>
    </package>
    <package name="GreenBayApp.Alert">
      <metrics statements="2" coveredstatements="1" conditionals="0" coveredconditionals="0" methods="2" coveredmethods="1"/>
      <file name="alert.js" path="D:\My WorkSpace\SE_PROJECT_SEM_5\GreenBayApp\Alert\alert.js">
        <metrics statements="2" coveredstatements="1" conditionals="0" coveredconditionals="0" methods="2" coveredmethods="1"/>
        <line num="5" count="1" type="stmt"/>
        <line num="9" count="0" type="stmt"/>
      </file>
    </package>
    <package name="GreenBayApp.atoms">
      <metrics statements="19" coveredstatements="17" conditionals="4" coveredconditionals="4" methods="9" coveredmethods="6"/>
      <file name="Bubble.js" path="D:\My WorkSpace\SE_PROJECT_SEM_5\GreenBayApp\atoms\Bubble.js">
        <metrics statements="4" coveredstatements="4" conditionals="2" coveredconditionals="2" methods="1" coveredmethods="1"/>
        <line num="9" count="2" type="stmt"/>
        <line num="10" count="2" type="stmt"/>
        <line num="11" count="2" type="stmt"/>
        <line num="37" count="4" type="stmt"/>
      </file>
      <file name="card.js" path="D:\My WorkSpace\SE_PROJECT_SEM_5\GreenBayApp\atoms\card.js">
        <metrics statements="3" coveredstatements="3" conditionals="0" coveredconditionals="0" methods="1" coveredmethods="1"/>
        <line num="7" count="6" type="stmt"/>
        <line num="8" count="6" type="stmt"/>
        <line num="20" count="13" type="stmt"/>
      </file>
      <file name="icon_button.js" path="D:\My WorkSpace\SE_PROJECT_SEM_5\GreenBayApp\atoms\icon_button.js">
        <metrics statements="3" coveredstatements="2" conditionals="0" coveredconditionals="0" methods="2" coveredmethods="1"/>
        <line num="8" count="5" type="stmt"/>
        <line num="9" count="0" type="stmt"/>
        <line num="18" count="5" type="stmt"/>
      </file>
      <file name="post.js" path="D:\My WorkSpace\SE_PROJECT_SEM_5\GreenBayApp\atoms\post.js">
        <metrics statements="3" coveredstatements="3" conditionals="2" coveredconditionals="2" methods="1" coveredmethods="1"/>
        <line num="9" count="2" type="cond" truecount="2" falsecount="0"/>
        <line num="11" count="2" type="stmt"/>
        <line num="38" count="19" type="stmt"/>
      </file>
      <file name="stretch_card.js" path="D:\My WorkSpace\SE_PROJECT_SEM_5\GreenBayApp\atoms\stretch_card.js">
        <metrics statements="3" coveredstatements="2" conditionals="0" coveredconditionals="0" methods="2" coveredmethods="1"/>
        <line num="8" count="3" type="stmt"/>
        <line num="9" count="0" type="stmt"/>
        <line num="29" count="7" type="stmt"/>
      </file>
      <file name="visitweb.js" path="D:\My WorkSpace\SE_PROJECT_SEM_5\GreenBayApp\atoms\visitweb.js">
        <metrics statements="3" coveredstatements="3" conditionals="0" coveredconditionals="0" methods="2" coveredmethods="1"/>
        <line num="9" count="1" type="stmt"/>
        <line num="20" count="1" type="stmt"/>
        <line num="38" count="5" type="stmt"/>
      </file>
    </package>
    <package name="GreenBayApp.components.dashboard_components">
      <metrics statements="20" coveredstatements="18" conditionals="0" coveredconditionals="0" methods="11" coveredmethods="7"/>
      <file name="bottom_sheet.js" path="D:\My WorkSpace\SE_PROJECT_SEM_5\GreenBayApp\components\dashboard_components\bottom_sheet.js">
        <metrics statements="7" coveredstatements="5" conditionals="0" coveredconditionals="0" methods="5" coveredmethods="2"/>
        <line num="10" count="3" type="stmt"/>
        <line num="20" count="3" type="stmt"/>
        <line num="21" count="0" type="stmt"/>
        <line num="28" count="0" type="stmt"/>
        <line num="31" count="3" type="stmt"/>
        <line num="44" count="12" type="stmt"/>
        <line num="58" count="3" type="stmt"/>
      </file>
      <file name="dash_row.js" path="D:\My WorkSpace\SE_PROJECT_SEM_5\GreenBayApp\components\dashboard_components\dash_row.js">
        <metrics statements="3" coveredstatements="3" conditionals="0" coveredconditionals="0" methods="2" coveredmethods="1"/>
        <line num="10" count="2" type="stmt"/>
        <line num="20" count="2" type="stmt"/>
        <line num="49" count="5" type="stmt"/>
      </file>
      <file name="dash_slider.js" path="D:\My WorkSpace\SE_PROJECT_SEM_5\GreenBayApp\components\dashboard_components\dash_slider.js">
        <metrics statements="6" coveredstatements="6" conditionals="0" coveredconditionals="0" methods="2" coveredmethods="2"/>
        <line num="12" count="2" type="stmt"/>
        <line num="38" count="2" type="stmt"/>
        <line num="40" count="2" type="stmt"/>
        <line num="41" count="2" type="stmt"/>
        <line num="43" count="8" type="stmt"/>
        <line num="46" count="2" type="stmt"/>
      </file>
      <file name="dash_tiles.js" path="D:\My WorkSpace\SE_PROJECT_SEM_5\GreenBayApp\components\dashboard_components\dash_tiles.js">
        <metrics statements="2" coveredstatements="2" conditionals="0" coveredconditionals="0" methods="1" coveredmethods="1"/>
        <line num="8" count="1" type="stmt"/>
        <line num="30" count="4" type="stmt"/>
      </file>
      <file name="ticker.js" path="D:\My WorkSpace\SE_PROJECT_SEM_5\GreenBayApp\components\dashboard_components\ticker.js">
        <metrics statements="2" coveredstatements="2" conditionals="0" coveredconditionals="0" methods="1" coveredmethods="1"/>
        <line num="9" count="1" type="stmt"/>
        <line num="41" count="2" type="stmt"/>
      </file>
    </package>
    <package name="GreenBayApp.components.land_report">
      <metrics statements="27" coveredstatements="16" conditionals="8" coveredconditionals="3" methods="12" coveredmethods="3"/>
      <file name="date_selector.js" path="D:\My WorkSpace\SE_PROJECT_SEM_5\GreenBayApp\components\land_report\date_selector.js">
        <metrics statements="6" coveredstatements="1" conditionals="2" coveredconditionals="0" methods="3" coveredmethods="0"/>
        <line num="13" count="0" type="stmt"/>
        <line num="14" count="0" type="stmt"/>
        <line num="47" count="0" type="stmt"/>
        <line num="55" count="0" type="stmt"/>
        <line num="73" count="0" type="stmt"/>
        <line num="88" count="2" type="stmt"/>
      </file>
      <file name="image_viewer.js" path="D:\My WorkSpace\SE_PROJECT_SEM_5\GreenBayApp\components\land_report\image_viewer.js">
        <metrics statements="4" coveredstatements="2" conditionals="2" coveredconditionals="1" methods="3" coveredmethods="1"/>
        <line num="26" count="1" type="stmt"/>
        <line num="34" count="0" type="stmt"/>
        <line num="52" count="0" type="stmt"/>
        <line num="72" count="3" type="stmt"/>
      </file>
      <file name="land_report.js" path="D:\My WorkSpace\SE_PROJECT_SEM_5\GreenBayApp\components\land_report\land_report.js">
        <metrics statements="11" coveredstatements="9" conditionals="4" coveredconditionals="2" methods="3" coveredmethods="1"/>
        <line num="14" count="1" type="stmt"/>
        <line num="15" count="1" type="stmt"/>
        <line num="16" count="1" type="stmt"/>
        <line num="17" count="1" type="stmt"/>
        <line num="18" count="1" type="stmt"/>
        <line num="19" count="1" type="stmt"/>
        <line num="20" count="1" type="stmt"/>
        <line num="66" count="1" type="stmt"/>
        <line num="75" count="0" type="stmt"/>
        <line num="94" count="0" type="stmt"/>
        <line num="146" count="3" type="stmt"/>
      </file>
      <file name="land_report_map.js" path="D:\My WorkSpace\SE_PROJECT_SEM_5\GreenBayApp\components\land_report\land_report_map.js">
        <metrics statements="6" coveredstatements="4" conditionals="0" coveredconditionals="0" methods="3" coveredmethods="1"/>
        <line num="17" count="2" type="stmt"/>
        <line num="18" count="2" type="stmt"/>
        <line num="20" count="2" type="stmt"/>
        <line num="25" count="0" type="stmt"/>
        <line num="44" count="0" type="stmt"/>
        <line num="52" count="3" type="stmt"/>
      </file>
    </package>
    <package name="GreenBayApp.components.myaccount">
      <metrics statements="64" coveredstatements="27" conditionals="16" coveredconditionals="5" methods="20" coveredmethods="2"/>
      <file name="details.js" path="D:\My WorkSpace\SE_PROJECT_SEM_5\GreenBayApp\components\myaccount\details.js">
        <metrics statements="22" coveredstatements="14" conditionals="4" coveredconditionals="2" methods="7" coveredmethods="1"/>
        <line num="9" count="1" type="stmt"/>
        <line num="10" count="1" type="stmt"/>
        <line num="11" count="1" type="stmt"/>
        <line num="12" count="1" type="stmt"/>
        <line num="13" count="1" type="stmt"/>
        <line num="14" count="1" type="stmt"/>
        <line num="15" count="1" type="stmt"/>
        <line num="16" count="1" type="stmt"/>
        <line num="18" count="1" type="stmt"/>
        <line num="20" count="1" type="stmt"/>
        <line num="22" count="1" type="stmt"/>
        <line num="42" count="1" type="stmt"/>
        <line num="43" count="0" type="stmt"/>
        <line num="44" count="0" type="stmt"/>
        <line num="46" count="0" type="stmt"/>
        <line num="47" count="0" type="stmt"/>
        <line num="49" count="0" type="stmt"/>
        <line num="52" count="0" type="stmt"/>
        <line num="54" count="0" type="stmt"/>
        <line num="59" count="1" type="stmt"/>
        <line num="71" count="0" type="stmt"/>
        <line num="115" count="4" type="stmt"/>
      </file>
      <file name="sign_in_sign_up.js" path="D:\My WorkSpace\SE_PROJECT_SEM_5\GreenBayApp\components\myaccount\sign_in_sign_up.js">
        <metrics statements="42" coveredstatements="13" conditionals="12" coveredconditionals="3" methods="13" coveredmethods="1"/>
        <line num="11" count="2" type="stmt"/>
        <line num="12" count="2" type="stmt"/>
        <line num="13" count="2" type="stmt"/>
        <line num="15" count="2" type="stmt"/>
        <line num="17" count="2" type="stmt"/>
        <line num="18" count="2" type="stmt"/>
        <line num="19" count="2" type="stmt"/>
        <line num="20" count="2" type="stmt"/>
        <line num="21" count="2" type="stmt"/>
        <line num="22" count="2" type="stmt"/>
        <line num="80" count="2" type="stmt"/>
        <line num="81" count="0" type="stmt"/>
        <line num="82" count="0" type="stmt"/>
        <line num="83" count="0" type="cond" truecount="0" falsecount="2"/>
        <line num="84" count="0" type="stmt"/>
        <line num="85" count="0" type="stmt"/>
        <line num="86" count="0" type="stmt"/>
        <line num="88" count="0" type="cond" truecount="0" falsecount="2"/>
        <line num="89" count="0" type="stmt"/>
        <line num="90" count="0" type="stmt"/>
        <line num="91" count="0" type="stmt"/>
        <line num="93" count="0" type="stmt"/>
        <line num="95" count="0" type="stmt"/>
        <line num="96" count="0" type="stmt"/>
        <line num="97" count="0" type="stmt"/>
        <line num="98" count="0" type="stmt"/>
        <line num="99" count="0" type="stmt"/>
        <line num="100" count="0" type="stmt"/>
        <line num="102" count="0" type="stmt"/>
        <line num="104" count="0" type="stmt"/>
        <line num="107" count="0" type="stmt"/>
        <line num="109" count="0" type="stmt"/>
        <line num="114" count="0" type="stmt"/>
        <line num="115" count="0" type="stmt"/>
        <line num="116" count="0" type="stmt"/>
        <line num="128" count="2" type="stmt"/>
        <line num="160" count="0" type="stmt"/>
        <line num="164" count="0" type="stmt"/>
        <line num="200" count="0" type="stmt"/>
        <line num="212" count="0" type="stmt"/>
        <line num="216" count="0" type="stmt"/>
        <line num="226" count="4" type="stmt"/>
      </file>
    </package>
    <package name="GreenBayApp.components.notepage">
      <metrics statements="10" coveredstatements="10" conditionals="4" coveredconditionals="2" methods="2" coveredmethods="2"/>
      <file name="privatenote.js" path="D:\My WorkSpace\SE_PROJECT_SEM_5\GreenBayApp\components\notepage\privatenote.js">
        <metrics statements="5" coveredstatements="5" conditionals="2" coveredconditionals="1" methods="1" coveredmethods="1"/>
        <line num="10" count="1" type="stmt"/>
        <line num="11" count="1" type="stmt"/>
        <line num="12" count="1" type="stmt"/>
        <line num="49" count="1" type="stmt"/>
        <line num="79" count="8" type="stmt"/>
      </file>
      <file name="publicnote.js" path="D:\My WorkSpace\SE_PROJECT_SEM_5\GreenBayApp\components\notepage\publicnote.js">
        <metrics statements="5" coveredstatements="5" conditionals="2" coveredconditionals="1" methods="1" coveredmethods="1"/>
        <line num="10" count="2" type="stmt"/>
        <line num="11" count="2" type="stmt"/>
        <line num="12" count="2" type="stmt"/>
        <line num="54" count="2" type="stmt"/>
        <line num="84" count="8" type="stmt"/>
      </file>
    </package>
    <package name="GreenBayApp.components.postpage">
      <metrics statements="34" coveredstatements="15" conditionals="4" coveredconditionals="2" methods="10" coveredmethods="3"/>
      <file name="auth_posts.js" path="D:\My WorkSpace\SE_PROJECT_SEM_5\GreenBayApp\components\postpage\auth_posts.js">
        <metrics statements="6" coveredstatements="6" conditionals="0" coveredconditionals="0" methods="2" coveredmethods="2"/>
        <line num="7" count="1" type="stmt"/>
        <line num="17" count="1" type="stmt"/>
        <line num="18" count="1" type="stmt"/>
        <line num="19" count="1" type="stmt"/>
        <line num="22" count="1" type="stmt"/>
        <line num="32" count="9" type="stmt"/>
      </file>
      <file name="guest_posts.js" path="D:\My WorkSpace\SE_PROJECT_SEM_5\GreenBayApp\components\postpage\guest_posts.js">
        <metrics statements="28" coveredstatements="9" conditionals="4" coveredconditionals="2" methods="8" coveredmethods="1"/>
        <line num="9" count="2" type="stmt"/>
        <line num="10" count="2" type="stmt"/>
        <line num="11" count="2" type="stmt"/>
        <line num="26" count="2" type="stmt"/>
        <line num="27" count="2" type="stmt"/>
        <line num="29" count="2" type="stmt"/>
        <line num="30" count="2" type="cond" truecount="1" falsecount="1"/>
        <line num="32" count="0" type="stmt"/>
        <line num="33" count="0" type="stmt"/>
        <line num="34" count="0" type="stmt"/>
        <line num="35" count="0" type="stmt"/>
        <line num="44" count="0" type="stmt"/>
        <line num="49" count="2" type="stmt"/>
        <line num="68" count="0" type="stmt"/>
        <line num="78" count="0" type="stmt"/>
        <line num="79" count="0" type="stmt"/>
        <line num="98" count="9" type="stmt"/>
        <line num="107" count="0" type="stmt"/>
        <line num="108" count="0" type="stmt"/>
        <line num="109" count="0" type="stmt"/>
        <line num="110" count="0" type="stmt"/>
        <line num="111" count="0" type="stmt"/>
        <line num="112" count="0" type="stmt"/>
        <line num="115" count="0" type="stmt"/>
        <line num="119" count="0" type="stmt"/>
        <line num="120" count="0" type="stmt"/>
        <line num="121" count="0" type="stmt"/>
        <line num="123" count="0" type="stmt"/>
      </file>
    </package>
    <package name="GreenBayApp.components.qna_components">
      <metrics statements="7" coveredstatements="7" conditionals="0" coveredconditionals="0" methods="2" coveredmethods="2"/>
      <file name="MessagePanel.js" path="D:\My WorkSpace\SE_PROJECT_SEM_5\GreenBayApp\components\qna_components\MessagePanel.js">
        <metrics statements="3" coveredstatements="3" conditionals="0" coveredconditionals="0" methods="1" coveredmethods="1"/>
        <line num="11" count="1" type="stmt"/>
        <line num="30" count="1" type="stmt"/>
        <line num="41" count="3" type="stmt"/>
      </file>
      <file name="MinistrySelector.js" path="D:\My WorkSpace\SE_PROJECT_SEM_5\GreenBayApp\components\qna_components\MinistrySelector.js">
        <metrics statements="4" coveredstatements="4" conditionals="0" coveredconditionals="0" methods="1" coveredmethods="1"/>
        <line num="10" count="1" type="stmt"/>
        <line num="12" count="1" type="stmt"/>
        <line num="70" count="1" type="stmt"/>
        <line num="81" count="3" type="stmt"/>
      </file>
    </package>
    <package name="GreenBayApp.pages">
      <metrics statements="34" coveredstatements="30" conditionals="26" coveredconditionals="9" methods="10" coveredmethods="6"/>
      <file name="dashboard.js" path="D:\My WorkSpace\SE_PROJECT_SEM_5\GreenBayApp\pages\dashboard.js">
        <metrics statements="4" coveredstatements="3" conditionals="0" coveredconditionals="0" methods="2" coveredmethods="1"/>
        <line num="18" count="1" type="stmt"/>
        <line num="21" count="1" type="stmt"/>
        <line num="34" count="0" type="stmt"/>
        <line num="59" count="2" type="stmt"/>
      </file>
      <file name="land_report_page.js" path="D:\My WorkSpace\SE_PROJECT_SEM_5\GreenBayApp\pages\land_report_page.js">
        <metrics statements="9" coveredstatements="9" conditionals="8" coveredconditionals="1" methods="1" coveredmethods="1"/>
        <line num="25" count="1" type="stmt"/>
        <line num="26" count="1" type="stmt"/>
        <line num="27" count="1" type="stmt"/>
        <line num="28" count="1" type="stmt"/>
        <line num="29" count="1" type="stmt"/>
        <line num="30" count="1" type="stmt"/>
        <line num="32" count="1" type="stmt"/>
        <line num="33" count="1" type="stmt"/>
        <line num="55" count="2" type="stmt"/>
      </file>
      <file name="myaccount.js" path="D:\My WorkSpace\SE_PROJECT_SEM_5\GreenBayApp\pages\myaccount.js">
        <metrics statements="5" coveredstatements="4" conditionals="4" coveredconditionals="3" methods="2" coveredmethods="1"/>
        <line num="17" count="1" type="stmt"/>
        <line num="19" count="1" type="stmt"/>
        <line num="20" count="0" type="stmt"/>
        <line num="22" count="1" type="stmt"/>
        <line num="35" count="2" type="stmt"/>
      </file>
      <file name="note_page.js" path="D:\My WorkSpace\SE_PROJECT_SEM_5\GreenBayApp\pages\note_page.js">
        <metrics statements="5" coveredstatements="4" conditionals="6" coveredconditionals="2" methods="2" coveredmethods="1"/>
        <line num="13" count="1" type="stmt"/>
        <line num="14" count="1" type="stmt"/>
        <line num="33" count="1" type="stmt"/>
        <line num="48" count="0" type="stmt"/>
        <line num="64" count="7" type="stmt"/>
      </file>
      <file name="posts_page.js" path="D:\My WorkSpace\SE_PROJECT_SEM_5\GreenBayApp\pages\posts_page.js">
        <metrics statements="4" coveredstatements="4" conditionals="4" coveredconditionals="2" methods="1" coveredmethods="1"/>
        <line num="11" count="1" type="stmt"/>
        <line num="12" count="1" type="stmt"/>
        <line num="31" count="1" type="stmt"/>
        <line num="65" count="2" type="stmt"/>
      </file>
      <file name="qnapage.js" path="D:\My WorkSpace\SE_PROJECT_SEM_5\GreenBayApp\pages\qnapage.js">
        <metrics statements="7" coveredstatements="6" conditionals="4" coveredconditionals="1" methods="2" coveredmethods="1"/>
        <line num="21" count="1" type="stmt"/>
        <line num="22" count="1" type="stmt"/>
        <line num="23" count="1" type="stmt"/>
        <line num="25" count="1" type="stmt"/>
        <line num="51" count="1" type="stmt"/>
        <line num="54" count="0" type="stmt"/>
        <line num="73" count="2" type="stmt"/>
      </file>
    </package>
    <package name="GreenBayApp.server">
      <metrics statements="34" coveredstatements="34" conditionals="0" coveredconditionals="0" methods="11" coveredmethods="11"/>
      <file name="endpoints.js" path="D:\My WorkSpace\SE_PROJECT_SEM_5\GreenBayApp\server\endpoints.js">
        <metrics statements="11" coveredstatements="11" conditionals="0" coveredconditionals="0" methods="0" coveredmethods="0"/>
        <line num="3" count="21" type="stmt"/>
        <line num="4" count="21" type="stmt"/>
        <line num="5" count="21" type="stmt"/>
        <line num="6" count="21" type="stmt"/>
        <line num="9" count="21" type="stmt"/>
        <line num="11" count="21" type="stmt"/>
        <line num="12" count="21" type="stmt"/>
        <line num="13" count="21" type="stmt"/>
        <line num="15" count="21" type="stmt"/>
        <line num="16" count="21" type="stmt"/>
        <line num="18" count="21" type="stmt"/>
      </file>
      <file name="host.js" path="D:\My WorkSpace\SE_PROJECT_SEM_5\GreenBayApp\server\host.js">
        <metrics statements="1" coveredstatements="1" conditionals="0" coveredconditionals="0" methods="0" coveredmethods="0"/>
        <line num="1" count="21" type="stmt"/>
      </file>
      <file name="noterequestgenerator.js" path="D:\My WorkSpace\SE_PROJECT_SEM_5\GreenBayApp\server\noterequestgenerator.js">
        <metrics statements="4" coveredstatements="4" conditionals="0" coveredconditionals="0" methods="2" coveredmethods="2"/>
        <line num="11" count="1" type="stmt"/>
        <line num="15" count="1" type="stmt"/>
        <line num="16" count="1" type="stmt"/>
        <line num="21" count="1" type="stmt"/>
      </file>
      <file name="postrequestgenerator.js" path="D:\My WorkSpace\SE_PROJECT_SEM_5\GreenBayApp\server\postrequestgenerator.js">
        <metrics statements="1" coveredstatements="1" conditionals="0" coveredconditionals="0" methods="1" coveredmethods="1"/>
        <line num="10" count="1" type="stmt"/>
      </file>
      <file name="qnarequestgenerator.js" path="D:\My WorkSpace\SE_PROJECT_SEM_5\GreenBayApp\server\qnarequestgenerator.js">
        <metrics statements="3" coveredstatements="3" conditionals="0" coveredconditionals="0" methods="1" coveredmethods="1"/>
        <line num="10" count="1" type="stmt"/>
        <line num="11" count="1" type="stmt"/>
        <line num="16" count="1" type="stmt"/>
      </file>
      <file name="reportrequestgenerator.js" path="D:\My WorkSpace\SE_PROJECT_SEM_5\GreenBayApp\server\reportrequestgenerator.js">
        <metrics statements="4" coveredstatements="4" conditionals="0" coveredconditionals="0" methods="3" coveredmethods="3"/>
        <line num="12" count="1" type="stmt"/>
        <line num="24" count="1" type="stmt"/>
        <line num="38" count="1" type="stmt"/>
        <line num="39" count="1" type="stmt"/>
      </file>
      <file name="requestgenerator.js" path="D:\My WorkSpace\SE_PROJECT_SEM_5\GreenBayApp\server\requestgenerator.js">
        <metrics statements="10" coveredstatements="10" conditionals="0" coveredconditionals="0" methods="4" coveredmethods="4"/>
        <line num="13" count="1" type="stmt"/>
        <line num="14" count="1" type="stmt"/>
        <line num="18" count="1" type="stmt"/>
        <line num="26" count="1" type="stmt"/>
        <line num="30" count="1" type="stmt"/>
        <line num="31" count="1" type="stmt"/>
        <line num="36" count="1" type="stmt"/>
        <line num="40" count="1" type="stmt"/>
        <line num="41" count="1" type="stmt"/>
        <line num="46" count="1" type="stmt"/>
      </file>
    </package>
    <package name="GreenBayApp.shared">
      <metrics statements="9" coveredstatements="9" conditionals="0" coveredconditionals="0" methods="0" coveredmethods="0"/>
      <file name="colors.js" path="D:\My WorkSpace\SE_PROJECT_SEM_5\GreenBayApp\shared\colors.js">
        <metrics statements="9" coveredstatements="9" conditionals="0" coveredconditionals="0" methods="0" coveredmethods="0"/>
        <line num="1" count="26" type="stmt"/>
        <line num="2" count="26" type="stmt"/>
        <line num="3" count="26" type="stmt"/>
        <line num="4" count="26" type="stmt"/>
        <line num="5" count="26" type="stmt"/>
        <line num="6" count="26" type="stmt"/>
        <line num="9" count="26" type="stmt"/>
        <line num="10" count="26" type="stmt"/>
        <line num="12" count="26" type="stmt"/>
      </file>
    </package>
    <package name="GreenBayApp.storage">
      <metrics statements="13" coveredstatements="13" conditionals="0" coveredconditionals="0" methods="3" coveredmethods="3"/>
      <file name="storemanager.js" path="D:\My WorkSpace\SE_PROJECT_SEM_5\GreenBayApp\storage\storemanager.js">
        <metrics statements="13" coveredstatements="13" conditionals="0" coveredconditionals="0" methods="3" coveredmethods="3"/>
        <line num="9" count="14" type="stmt"/>
        <line num="10" count="1" type="stmt"/>
        <line num="14" count="1" type="stmt"/>
        <line num="18" count="1" type="stmt"/>
        <line num="24" count="14" type="stmt"/>
        <line num="25" count="1" type="stmt"/>
        <line num="28" count="1" type="stmt"/>
        <line num="31" count="1" type="stmt"/>
        <line num="35" count="1" type="stmt"/>
        <line num="38" count="14" type="stmt"/>
        <line num="39" count="2" type="stmt"/>
        <line num="42" count="1" type="stmt"/>
        <line num="46" count="1" type="stmt"/>
      </file>
    </package>
  </project>
</coverage>
