{"D:\\My WorkSpace\\SE_PROJECT_SEM_5\\GreenBayApp\\App.js": {"path":"D:\\My WorkSpace\\SE_PROJECT_SEM_5\\GreenBayApp\\App.js","statementMap":{"0":{"start":{"line":125,"column":2},"end":{"line":136,"column":4}},"1":{"start":{"line":140,"column":15},"end":{"line":220,"column":1}}},"fnMap":{"0":{"name":"App","decl":{"start":{"line":79,"column":24},"end":{"line":79,"column":27}},"loc":{"start":{"line":79,"column":30},"end":{"line":137,"column":1}},"line":79}},"branchMap":{},"s":{"0":2,"1":1},"f":{"0":2},"b":{},"_coverageSchema":"1a1c01bbd47fc00a2c39e90264f33305004495a9","hash":"1a3f5183aaf1028c3453d17ab6f8fc71ec40c75c"}
,"D:\\My WorkSpace\\SE_PROJECT_SEM_5\\GreenBayApp\\Alert\\alert.js": {"path":"D:\\My WorkSpace\\SE_PROJECT_SEM_5\\GreenBayApp\\Alert\\alert.js","statementMap":{"0":{"start":{"line":5,"column":4},"end":{"line":11,"column":8}},"1":{"start":{"line":9,"column":39},"end":{"line":9,"column":64}}},"fnMap":{"0":{"name":"ShowAlert","decl":{"start":{"line":4,"column":24},"end":{"line":4,"column":33}},"loc":{"start":{"line":4,"column":44},"end":{"line":13,"column":1}},"line":4},"1":{"name":"(anonymous_1)","decl":{"start":{"line":9,"column":33},"end":{"line":9,"column":34}},"loc":{"start":{"line":9,"column":39},"end":{"line":9,"column":64}},"line":9}},"branchMap":{},"s":{"0":1,"1":0},"f":{"0":1,"1":0},"b":{},"_coverageSchema":"1a1c01bbd47fc00a2c39e90264f33305004495a9","hash":"62ac8c9551c5f76f811812163752cf35b996d70e"}
,"D:\\My WorkSpace\\SE_PROJECT_SEM_5\\GreenBayApp\\atoms\\Bubble.js": {"path":"D:\\My WorkSpace\\SE_PROJECT_SEM_5\\GreenBayApp\\atoms\\Bubble.js","statementMap":{"0":{"start":{"line":9,"column":2},"end":{"line":9,"column":47}},"1":{"start":{"line":10,"column":22},"end":{"line":10,"column":54}},"2":{"start":{"line":11,"column":2},"end":{"line":34,"column":4}},"3":{"start":{"line":37,"column":15},"end":{"line":39,"column":2}}},"fnMap":{"0":{"name":"Bubble","decl":{"start":{"line":7,"column":24},"end":{"line":7,"column":30}},"loc":{"start":{"line":7,"column":67},"end":{"line":35,"column":1}},"line":7}},"branchMap":{"0":{"loc":{"start":{"line":20,"column":8},"end":{"line":29,"column":17}},"type":"cond-expr","locations":[{"start":{"line":21,"column":10},"end":{"line":23,"column":17}},{"start":{"line":24,"column":12},"end":{"line":29,"column":17}}],"line":20}},"s":{"0":2,"1":2,"2":2,"3":4},"f":{"0":2},"b":{"0":[1,1]},"_coverageSchema":"1a1c01bbd47fc00a2c39e90264f33305004495a9","hash":"e0c8fe514e3d671144175ef659d5582459d2b5d4"}
,"D:\\My WorkSpace\\SE_PROJECT_SEM_5\\GreenBayApp\\atoms\\card.js": {"path":"D:\\My WorkSpace\\SE_PROJECT_SEM_5\\GreenBayApp\\atoms\\card.js","statementMap":{"0":{"start":{"line":7,"column":16},"end":{"line":7,"column":34}},"1":{"start":{"line":8,"column":2},"end":{"line":17,"column":4}},"2":{"start":{"line":20,"column":15},"end":{"line":45,"column":2}}},"fnMap":{"0":{"name":"IntroCard","decl":{"start":{"line":5,"column":24},"end":{"line":5,"column":33}},"loc":{"start":{"line":5,"column":67},"end":{"line":18,"column":1}},"line":5}},"branchMap":{},"s":{"0":6,"1":6,"2":13},"f":{"0":6},"b":{},"_coverageSchema":"1a1c01bbd47fc00a2c39e90264f33305004495a9","hash":"84dc605c4e6b11e7f7d59cfadfe53af37e8669b6"}
,"D:\\My WorkSpace\\SE_PROJECT_SEM_5\\GreenBayApp\\atoms\\icon_button.js": {"path":"D:\\My WorkSpace\\SE_PROJECT_SEM_5\\GreenBayApp\\atoms\\icon_button.js","statementMap":{"0":{"start":{"line":8,"column":2},"end":{"line":15,"column":4}},"1":{"start":{"line":9,"column":41},"end":{"line":9,"column":72}},"2":{"start":{"line":18,"column":15},"end":{"line":48,"column":2}}},"fnMap":{"0":{"name":"CustomIconButton","decl":{"start":{"line":7,"column":24},"end":{"line":7,"column":40}},"loc":{"start":{"line":7,"column":97},"end":{"line":16,"column":1}},"line":7},"1":{"name":"(anonymous_1)","decl":{"start":{"line":9,"column":33},"end":{"line":9,"column":34}},"loc":{"start":{"line":9,"column":39},"end":{"line":9,"column":74}},"line":9}},"branchMap":{},"s":{"0":5,"1":0,"2":5},"f":{"0":5,"1":0},"b":{},"_coverageSchema":"1a1c01bbd47fc00a2c39e90264f33305004495a9","hash":"155f149b8ccf8027506d5a16c80666dcb186768c"}
,"D:\\My WorkSpace\\SE_PROJECT_SEM_5\\GreenBayApp\\atoms\\post.js": {"path":"D:\\My WorkSpace\\SE_PROJECT_SEM_5\\GreenBayApp\\atoms\\post.js","statementMap":{"0":{"start":{"line":9,"column":12},"end":{"line":9,"column":152}},"1":{"start":{"line":11,"column":2},"end":{"line":35,"column":4}},"2":{"start":{"line":38,"column":15},"end":{"line":40,"column":2}}},"fnMap":{"0":{"name":"PostCard","decl":{"start":{"line":7,"column":24},"end":{"line":7,"column":32}},"loc":{"start":{"line":7,"column":85},"end":{"line":36,"column":1}},"line":7}},"branchMap":{"0":{"loc":{"start":{"line":9,"column":12},"end":{"line":9,"column":152}},"type":"cond-expr","locations":[{"start":{"line":9,"column":22},"end":{"line":9,"column":146}},{"start":{"line":9,"column":147},"end":{"line":9,"column":152}}],"line":9}},"s":{"0":2,"1":2,"2":19},"f":{"0":2},"b":{"0":[1,1]},"_coverageSchema":"1a1c01bbd47fc00a2c39e90264f33305004495a9","hash":"4bf10ddacbf0be4dc68e2905ff2d309c8e05d5bc"}
,"D:\\My WorkSpace\\SE_PROJECT_SEM_5\\GreenBayApp\\atoms\\stretch_card.js": {"path":"D:\\My WorkSpace\\SE_PROJECT_SEM_5\\GreenBayApp\\atoms\\stretch_card.js","statementMap":{"0":{"start":{"line":8,"column":2},"end":{"line":26,"column":4}},"1":{"start":{"line":9,"column":61},"end":{"line":9,"column":92}},"2":{"start":{"line":29,"column":15},"end":{"line":80,"column":2}}},"fnMap":{"0":{"name":"StretchCard","decl":{"start":{"line":5,"column":24},"end":{"line":5,"column":35}},"loc":{"start":{"line":5,"column":93},"end":{"line":27,"column":1}},"line":5},"1":{"name":"(anonymous_1)","decl":{"start":{"line":9,"column":55},"end":{"line":9,"column":56}},"loc":{"start":{"line":9,"column":61},"end":{"line":9,"column":92}},"line":9}},"branchMap":{},"s":{"0":3,"1":0,"2":7},"f":{"0":3,"1":0},"b":{},"_coverageSchema":"1a1c01bbd47fc00a2c39e90264f33305004495a9","hash":"ce2c2d603a1255711b197ecd480b07d6cbcb56f4"}
,"D:\\My WorkSpace\\SE_PROJECT_SEM_5\\GreenBayApp\\atoms\\visitweb.js": {"path":"D:\\My WorkSpace\\SE_PROJECT_SEM_5\\GreenBayApp\\atoms\\visitweb.js","statementMap":{"0":{"start":{"line":9,"column":20},"end":{"line":18,"column":3}},"1":{"start":{"line":20,"column":2},"end":{"line":35,"column":4}},"2":{"start":{"line":38,"column":15},"end":{"line":45,"column":2}}},"fnMap":{"0":{"name":"VisitWeb","decl":{"start":{"line":8,"column":24},"end":{"line":8,"column":32}},"loc":{"start":{"line":8,"column":42},"end":{"line":36,"column":1}},"line":8},"1":{"name":"(anonymous_1)","decl":{"start":{"line":9,"column":20},"end":{"line":9,"column":21}},"loc":{"start":{"line":9,"column":26},"end":{"line":18,"column":3}},"line":9}},"branchMap":{},"s":{"0":1,"1":1,"2":5},"f":{"0":1,"1":0},"b":{},"_coverageSchema":"1a1c01bbd47fc00a2c39e90264f33305004495a9","hash":"c20be31058772cbb48706d3ee0dd1a1d13af9a9c"}
,"D:\\My WorkSpace\\SE_PROJECT_SEM_5\\GreenBayApp\\components\\dashboard_components\\bottom_sheet.js": {"path":"D:\\My WorkSpace\\SE_PROJECT_SEM_5\\GreenBayApp\\components\\dashboard_components\\bottom_sheet.js","statementMap":{"0":{"start":{"line":10,"column":22},"end":{"line":18,"column":5}},"1":{"start":{"line":20,"column":17},"end":{"line":30,"column":5}},"2":{"start":{"line":21,"column":106},"end":{"line":21,"column":142}},"3":{"start":{"line":28,"column":29},"end":{"line":28,"column":48}},"4":{"start":{"line":31,"column":4},"end":{"line":55,"column":6}},"5":{"start":{"line":44,"column":20},"end":{"line":48,"column":31}},"6":{"start":{"line":58,"column":15},"end":{"line":86,"column":2}}},"fnMap":{"0":{"name":"DashBoardBottomSheet","decl":{"start":{"line":9,"column":24},"end":{"line":9,"column":44}},"loc":{"start":{"line":9,"column":74},"end":{"line":56,"column":1}},"line":9},"1":{"name":"(anonymous_1)","decl":{"start":{"line":10,"column":22},"end":{"line":10,"column":23}},"loc":{"start":{"line":10,"column":31},"end":{"line":18,"column":5}},"line":10},"2":{"name":"(anonymous_2)","decl":{"start":{"line":21,"column":98},"end":{"line":21,"column":99}},"loc":{"start":{"line":21,"column":104},"end":{"line":21,"column":144}},"line":21},"3":{"name":"(anonymous_3)","decl":{"start":{"line":28,"column":21},"end":{"line":28,"column":22}},"loc":{"start":{"line":28,"column":27},"end":{"line":28,"column":50}},"line":28},"4":{"name":"(anonymous_4)","decl":{"start":{"line":43,"column":26},"end":{"line":43,"column":27}},"loc":{"start":{"line":44,"column":20},"end":{"line":48,"column":31}},"line":44}},"branchMap":{},"s":{"0":3,"1":3,"2":0,"3":0,"4":3,"5":12,"6":3},"f":{"0":3,"1":0,"2":0,"3":0,"4":12},"b":{},"_coverageSchema":"1a1c01bbd47fc00a2c39e90264f33305004495a9","hash":"92e3dbc50bc6a70af1d748b60b221c1a6fe9e2cd"}
,"D:\\My WorkSpace\\SE_PROJECT_SEM_5\\GreenBayApp\\components\\dashboard_components\\dash_row.js": {"path":"D:\\My WorkSpace\\SE_PROJECT_SEM_5\\GreenBayApp\\components\\dashboard_components\\dash_row.js","statementMap":{"0":{"start":{"line":10,"column":20},"end":{"line":19,"column":3}},"1":{"start":{"line":20,"column":2},"end":{"line":46,"column":4}},"2":{"start":{"line":49,"column":15},"end":{"line":106,"column":2}}},"fnMap":{"0":{"name":"DashboardRows","decl":{"start":{"line":9,"column":24},"end":{"line":9,"column":37}},"loc":{"start":{"line":9,"column":54},"end":{"line":47,"column":1}},"line":9},"1":{"name":"(anonymous_1)","decl":{"start":{"line":10,"column":20},"end":{"line":10,"column":21}},"loc":{"start":{"line":10,"column":26},"end":{"line":19,"column":3}},"line":10}},"branchMap":{},"s":{"0":2,"1":2,"2":5},"f":{"0":2,"1":0},"b":{},"_coverageSchema":"1a1c01bbd47fc00a2c39e90264f33305004495a9","hash":"c98a2f43d9f10b3fcc6939ffd674a23760b0d15b"}
,"D:\\My WorkSpace\\SE_PROJECT_SEM_5\\GreenBayApp\\components\\dashboard_components\\dash_slider.js": {"path":"D:\\My WorkSpace\\SE_PROJECT_SEM_5\\GreenBayApp\\components\\dashboard_components\\dash_slider.js","statementMap":{"0":{"start":{"line":12,"column":15},"end":{"line":37,"column":3}},"1":{"start":{"line":38,"column":16},"end":{"line":38,"column":58}},"2":{"start":{"line":40,"column":16},"end":{"line":40,"column":18}},"3":{"start":{"line":41,"column":2},"end":{"line":44,"column":4}},"4":{"start":{"line":43,"column":4},"end":{"line":43,"column":137}},"5":{"start":{"line":46,"column":2},"end":{"line":53,"column":4}}},"fnMap":{"0":{"name":"DashboardSlider","decl":{"start":{"line":11,"column":24},"end":{"line":11,"column":39}},"loc":{"start":{"line":11,"column":42},"end":{"line":54,"column":1}},"line":11},"1":{"name":"(anonymous_1)","decl":{"start":{"line":41,"column":15},"end":{"line":41,"column":16}},"loc":{"start":{"line":41,"column":26},"end":{"line":44,"column":3}},"line":41}},"branchMap":{},"s":{"0":2,"1":2,"2":2,"3":2,"4":8,"5":2},"f":{"0":2,"1":8},"b":{},"_coverageSchema":"1a1c01bbd47fc00a2c39e90264f33305004495a9","hash":"5d8f3796df71b75a4106546a71dade9a8dea7d51"}
,"D:\\My WorkSpace\\SE_PROJECT_SEM_5\\GreenBayApp\\components\\dashboard_components\\dash_tiles.js": {"path":"D:\\My WorkSpace\\SE_PROJECT_SEM_5\\GreenBayApp\\components\\dashboard_components\\dash_tiles.js","statementMap":{"0":{"start":{"line":8,"column":2},"end":{"line":27,"column":4}},"1":{"start":{"line":30,"column":15},"end":{"line":36,"column":2}}},"fnMap":{"0":{"name":"DashboardButtonTiles","decl":{"start":{"line":7,"column":24},"end":{"line":7,"column":44}},"loc":{"start":{"line":7,"column":61},"end":{"line":28,"column":1}},"line":7}},"branchMap":{},"s":{"0":1,"1":4},"f":{"0":1},"b":{},"_coverageSchema":"1a1c01bbd47fc00a2c39e90264f33305004495a9","hash":"1d014981adc8cf5b1e7d8b5f8712c33f617f8bfd"}
,"D:\\My WorkSpace\\SE_PROJECT_SEM_5\\GreenBayApp\\components\\dashboard_components\\ticker.js": {"path":"D:\\My WorkSpace\\SE_PROJECT_SEM_5\\GreenBayApp\\components\\dashboard_components\\ticker.js","statementMap":{"0":{"start":{"line":9,"column":8},"end":{"line":37,"column":9}},"1":{"start":{"line":41,"column":15},"end":{"line":54,"column":2}}},"fnMap":{"0":{"name":"(anonymous_0)","decl":{"start":{"line":8,"column":4},"end":{"line":8,"column":5}},"loc":{"start":{"line":8,"column":13},"end":{"line":38,"column":5}},"line":8}},"branchMap":{},"s":{"0":1,"1":2},"f":{"0":1},"b":{},"_coverageSchema":"1a1c01bbd47fc00a2c39e90264f33305004495a9","hash":"07ccfd9df1e18431baa114c45dd9b2a71c659d5d"}
,"D:\\My WorkSpace\\SE_PROJECT_SEM_5\\GreenBayApp\\components\\land_report\\date_selector.js": {"path":"D:\\My WorkSpace\\SE_PROJECT_SEM_5\\GreenBayApp\\components\\land_report\\date_selector.js","statementMap":{"0":{"start":{"line":13,"column":4},"end":{"line":13,"column":21}},"1":{"start":{"line":14,"column":4},"end":{"line":14,"column":48}},"2":{"start":{"line":47,"column":4},"end":{"line":85,"column":6}},"3":{"start":{"line":55,"column":45},"end":{"line":55,"column":55}},"4":{"start":{"line":73,"column":37},"end":{"line":73,"column":47}},"5":{"start":{"line":88,"column":15},"end":{"line":107,"column":2}}},"fnMap":{"0":{"name":"Date_Selector","decl":{"start":{"line":10,"column":24},"end":{"line":10,"column":37}},"loc":{"start":{"line":10,"column":104},"end":{"line":86,"column":1}},"line":10},"1":{"name":"(anonymous_1)","decl":{"start":{"line":55,"column":37},"end":{"line":55,"column":38}},"loc":{"start":{"line":55,"column":43},"end":{"line":55,"column":57}},"line":55},"2":{"name":"(anonymous_2)","decl":{"start":{"line":73,"column":29},"end":{"line":73,"column":30}},"loc":{"start":{"line":73,"column":35},"end":{"line":73,"column":49}},"line":73}},"branchMap":{"0":{"loc":{"start":{"line":51,"column":20},"end":{"line":66,"column":26}},"type":"cond-expr","locations":[{"start":{"line":52,"column":24},"end":{"line":58,"column":43}},{"start":{"line":60,"column":24},"end":{"line":66,"column":26}}],"line":51}},"s":{"0":0,"1":0,"2":0,"3":0,"4":0,"5":2},"f":{"0":0,"1":0,"2":0},"b":{"0":[0,0]},"_coverageSchema":"1a1c01bbd47fc00a2c39e90264f33305004495a9","hash":"099cec66a63be07c2e73c39e899381c7b92059ae"}
,"D:\\My WorkSpace\\SE_PROJECT_SEM_5\\GreenBayApp\\components\\land_report\\image_viewer.js": {"path":"D:\\My WorkSpace\\SE_PROJECT_SEM_5\\GreenBayApp\\components\\land_report\\image_viewer.js","statementMap":{"0":{"start":{"line":26,"column":4},"end":{"line":69,"column":6}},"1":{"start":{"line":34,"column":45},"end":{"line":34,"column":55}},"2":{"start":{"line":52,"column":37},"end":{"line":52,"column":47}},"3":{"start":{"line":72,"column":15},"end":{"line":91,"column":2}}},"fnMap":{"0":{"name":"Image_Viewer","decl":{"start":{"line":10,"column":24},"end":{"line":10,"column":36}},"loc":{"start":{"line":10,"column":94},"end":{"line":70,"column":1}},"line":10},"1":{"name":"(anonymous_1)","decl":{"start":{"line":34,"column":37},"end":{"line":34,"column":38}},"loc":{"start":{"line":34,"column":43},"end":{"line":34,"column":57}},"line":34},"2":{"name":"(anonymous_2)","decl":{"start":{"line":52,"column":29},"end":{"line":52,"column":30}},"loc":{"start":{"line":52,"column":35},"end":{"line":52,"column":49}},"line":52}},"branchMap":{"0":{"loc":{"start":{"line":30,"column":20},"end":{"line":45,"column":26}},"type":"cond-expr","locations":[{"start":{"line":31,"column":24},"end":{"line":37,"column":43}},{"start":{"line":39,"column":24},"end":{"line":45,"column":26}}],"line":30}},"s":{"0":1,"1":0,"2":0,"3":3},"f":{"0":1,"1":0,"2":0},"b":{"0":[1,0]},"_coverageSchema":"1a1c01bbd47fc00a2c39e90264f33305004495a9","hash":"bd1dd0cb544eb2dd7210e4f89c7c211e84f0bffb"}
,"D:\\My WorkSpace\\SE_PROJECT_SEM_5\\GreenBayApp\\components\\land_report\\land_report.js": {"path":"D:\\My WorkSpace\\SE_PROJECT_SEM_5\\GreenBayApp\\components\\land_report\\land_report.js","statementMap":{"0":{"start":{"line":14,"column":32},"end":{"line":14,"column":46}},"1":{"start":{"line":15,"column":27},"end":{"line":15,"column":30}},"2":{"start":{"line":16,"column":32},"end":{"line":16,"column":67}},"3":{"start":{"line":17,"column":40},"end":{"line":17,"column":105}},"4":{"start":{"line":18,"column":30},"end":{"line":18,"column":42}},"5":{"start":{"line":19,"column":30},"end":{"line":19,"column":42}},"6":{"start":{"line":20,"column":28},"end":{"line":20,"column":55}},"7":{"start":{"line":66,"column":4},"end":{"line":143,"column":6}},"8":{"start":{"line":75,"column":49},"end":{"line":75,"column":59}},"9":{"start":{"line":94,"column":41},"end":{"line":94,"column":51}},"10":{"start":{"line":146,"column":15},"end":{"line":165,"column":2}}},"fnMap":{"0":{"name":"Land_Report","decl":{"start":{"line":12,"column":24},"end":{"line":12,"column":35}},"loc":{"start":{"line":12,"column":56},"end":{"line":144,"column":1}},"line":12},"1":{"name":"(anonymous_1)","decl":{"start":{"line":75,"column":41},"end":{"line":75,"column":42}},"loc":{"start":{"line":75,"column":47},"end":{"line":75,"column":61}},"line":75},"2":{"name":"(anonymous_2)","decl":{"start":{"line":94,"column":33},"end":{"line":94,"column":34}},"loc":{"start":{"line":94,"column":39},"end":{"line":94,"column":53}},"line":94}},"branchMap":{"0":{"loc":{"start":{"line":71,"column":24},"end":{"line":86,"column":30}},"type":"cond-expr","locations":[{"start":{"line":72,"column":28},"end":{"line":78,"column":47}},{"start":{"line":80,"column":28},"end":{"line":86,"column":30}}],"line":71},"1":{"loc":{"start":{"line":100,"column":13},"end":{"line":140,"column":27}},"type":"cond-expr","locations":[{"start":{"line":101,"column":16},"end":{"line":140,"column":19}},{"start":{"line":140,"column":22},"end":{"line":140,"column":27}}],"line":100}},"s":{"0":1,"1":1,"2":1,"3":1,"4":1,"5":1,"6":1,"7":1,"8":0,"9":0,"10":3},"f":{"0":1,"1":0,"2":0},"b":{"0":[0,1],"1":[0,1]},"_coverageSchema":"1a1c01bbd47fc00a2c39e90264f33305004495a9","hash":"9519dccc7f78af6fcdc7a3ab28ba124f1b987446"}
,"D:\\My WorkSpace\\SE_PROJECT_SEM_5\\GreenBayApp\\components\\land_report\\land_report_map.js": {"path":"D:\\My WorkSpace\\SE_PROJECT_SEM_5\\GreenBayApp\\components\\land_report\\land_report_map.js","statementMap":{"0":{"start":{"line":17,"column":4},"end":{"line":17,"column":25}},"1":{"start":{"line":18,"column":4},"end":{"line":18,"column":26}},"2":{"start":{"line":20,"column":4},"end":{"line":49,"column":6}},"3":{"start":{"line":25,"column":37},"end":{"line":25,"column":61}},"4":{"start":{"line":44,"column":40},"end":{"line":44,"column":175}},"5":{"start":{"line":52,"column":15},"end":{"line":67,"column":2}}},"fnMap":{"0":{"name":"Land_Report_Map","decl":{"start":{"line":10,"column":24},"end":{"line":10,"column":39}},"loc":{"start":{"line":10,"column":111},"end":{"line":50,"column":1}},"line":10},"1":{"name":"(anonymous_1)","decl":{"start":{"line":25,"column":29},"end":{"line":25,"column":30}},"loc":{"start":{"line":25,"column":35},"end":{"line":25,"column":63}},"line":25},"2":{"name":"(anonymous_2)","decl":{"start":{"line":44,"column":31},"end":{"line":44,"column":32}},"loc":{"start":{"line":44,"column":38},"end":{"line":44,"column":177}},"line":44}},"branchMap":{},"s":{"0":2,"1":2,"2":2,"3":0,"4":0,"5":3},"f":{"0":2,"1":0,"2":0},"b":{},"_coverageSchema":"1a1c01bbd47fc00a2c39e90264f33305004495a9","hash":"f596a9db07eee1f82905c5c209c652d09be92df0"}
,"D:\\My WorkSpace\\SE_PROJECT_SEM_5\\GreenBayApp\\components\\myaccount\\details.js": {"path":"D:\\My WorkSpace\\SE_PROJECT_SEM_5\\GreenBayApp\\components\\myaccount\\details.js","statementMap":{"0":{"start":{"line":9,"column":26},"end":{"line":9,"column":38}},"1":{"start":{"line":10,"column":28},"end":{"line":10,"column":40}},"2":{"start":{"line":11,"column":30},"end":{"line":11,"column":42}},"3":{"start":{"line":12,"column":32},"end":{"line":12,"column":44}},"4":{"start":{"line":13,"column":24},"end":{"line":13,"column":36}},"5":{"start":{"line":14,"column":32},"end":{"line":14,"column":44}},"6":{"start":{"line":15,"column":30},"end":{"line":15,"column":42}},"7":{"start":{"line":16,"column":38},"end":{"line":16,"column":50}},"8":{"start":{"line":18,"column":28},"end":{"line":18,"column":40}},"9":{"start":{"line":20,"column":32},"end":{"line":20,"column":46}},"10":{"start":{"line":22,"column":50},"end":{"line":22,"column":65}},"11":{"start":{"line":42,"column":17},"end":{"line":55,"column":3}},"12":{"start":{"line":43,"column":4},"end":{"line":43,"column":29}},"13":{"start":{"line":44,"column":4},"end":{"line":54,"column":58}},"14":{"start":{"line":46,"column":8},"end":{"line":46,"column":29}},"15":{"start":{"line":47,"column":8},"end":{"line":52,"column":62}},"16":{"start":{"line":49,"column":12},"end":{"line":50,"column":58}},"17":{"start":{"line":52,"column":28},"end":{"line":52,"column":59}},"18":{"start":{"line":54,"column":24},"end":{"line":54,"column":55}},"19":{"start":{"line":59,"column":2},"end":{"line":112,"column":4}},"20":{"start":{"line":71,"column":73},"end":{"line":71,"column":81}},"21":{"start":{"line":115,"column":15},"end":{"line":132,"column":2}}},"fnMap":{"0":{"name":"Details","decl":{"start":{"line":8,"column":24},"end":{"line":8,"column":31}},"loc":{"start":{"line":8,"column":48},"end":{"line":113,"column":1}},"line":8},"1":{"name":"(anonymous_1)","decl":{"start":{"line":42,"column":17},"end":{"line":42,"column":18}},"loc":{"start":{"line":42,"column":23},"end":{"line":55,"column":3}},"line":42},"2":{"name":"(anonymous_2)","decl":{"start":{"line":45,"column":12},"end":{"line":45,"column":13}},"loc":{"start":{"line":45,"column":21},"end":{"line":53,"column":7}},"line":45},"3":{"name":"(anonymous_3)","decl":{"start":{"line":48,"column":16},"end":{"line":48,"column":17}},"loc":{"start":{"line":48,"column":25},"end":{"line":51,"column":11}},"line":48},"4":{"name":"(anonymous_4)","decl":{"start":{"line":52,"column":17},"end":{"line":52,"column":18}},"loc":{"start":{"line":52,"column":26},"end":{"line":52,"column":61}},"line":52},"5":{"name":"(anonymous_5)","decl":{"start":{"line":54,"column":13},"end":{"line":54,"column":14}},"loc":{"start":{"line":54,"column":22},"end":{"line":54,"column":57}},"line":54},"6":{"name":"(anonymous_6)","decl":{"start":{"line":71,"column":67},"end":{"line":71,"column":68}},"loc":{"start":{"line":71,"column":73},"end":{"line":71,"column":81}},"line":71}},"branchMap":{"0":{"loc":{"start":{"line":62,"column":8},"end":{"line":68,"column":20}},"type":"cond-expr","locations":[{"start":{"line":63,"column":10},"end":{"line":68,"column":12}},{"start":{"line":68,"column":15},"end":{"line":68,"column":20}}],"line":62},"1":{"loc":{"start":{"line":73,"column":8},"end":{"line":108,"column":13}},"type":"cond-expr","locations":[{"start":{"line":74,"column":10},"end":{"line":79,"column":12}},{"start":{"line":84,"column":10},"end":{"line":108,"column":13}}],"line":73}},"s":{"0":1,"1":1,"2":1,"3":1,"4":1,"5":1,"6":1,"7":1,"8":1,"9":1,"10":1,"11":1,"12":0,"13":0,"14":0,"15":0,"16":0,"17":0,"18":0,"19":1,"20":0,"21":4},"f":{"0":1,"1":0,"2":0,"3":0,"4":0,"5":0,"6":0},"b":{"0":[1,0],"1":[0,1]},"_coverageSchema":"1a1c01bbd47fc00a2c39e90264f33305004495a9","hash":"2c909cf232f9fc5c20c20993dd2f7f3722769f76"}
,"D:\\My WorkSpace\\SE_PROJECT_SEM_5\\GreenBayApp\\components\\myaccount\\sign_in_sign_up.js": {"path":"D:\\My WorkSpace\\SE_PROJECT_SEM_5\\GreenBayApp\\components\\myaccount\\sign_in_sign_up.js","statementMap":{"0":{"start":{"line":11,"column":33},"end":{"line":11,"column":51}},"1":{"start":{"line":12,"column":39},"end":{"line":12,"column":57}},"2":{"start":{"line":13,"column":35},"end":{"line":13,"column":55}},"3":{"start":{"line":15,"column":26},"end":{"line":15,"column":47}},"4":{"start":{"line":17,"column":41},"end":{"line":17,"column":59}},"5":{"start":{"line":18,"column":39},"end":{"line":18,"column":57}},"6":{"start":{"line":19,"column":37},"end":{"line":19,"column":55}},"7":{"start":{"line":20,"column":45},"end":{"line":20,"column":63}},"8":{"start":{"line":21,"column":43},"end":{"line":21,"column":61}},"9":{"start":{"line":22,"column":43},"end":{"line":22,"column":61}},"10":{"start":{"line":80,"column":17},"end":{"line":126,"column":3}},"11":{"start":{"line":81,"column":4},"end":{"line":81,"column":17}},"12":{"start":{"line":82,"column":15},"end":{"line":82,"column":166}},"13":{"start":{"line":83,"column":4},"end":{"line":87,"column":5}},"14":{"start":{"line":84,"column":6},"end":{"line":84,"column":50}},"15":{"start":{"line":85,"column":6},"end":{"line":85,"column":20}},"16":{"start":{"line":86,"column":6},"end":{"line":86,"column":12}},"17":{"start":{"line":88,"column":4},"end":{"line":92,"column":5}},"18":{"start":{"line":89,"column":6},"end":{"line":89,"column":55}},"19":{"start":{"line":90,"column":6},"end":{"line":90,"column":20}},"20":{"start":{"line":91,"column":6},"end":{"line":91,"column":12}},"21":{"start":{"line":93,"column":4},"end":{"line":117,"column":8}},"22":{"start":{"line":95,"column":8},"end":{"line":95,"column":32}},"23":{"start":{"line":96,"column":8},"end":{"line":96,"column":42}},"24":{"start":{"line":97,"column":8},"end":{"line":97,"column":44}},"25":{"start":{"line":98,"column":27},"end":{"line":98,"column":47}},"26":{"start":{"line":99,"column":27},"end":{"line":99,"column":45}},"27":{"start":{"line":100,"column":8},"end":{"line":109,"column":94}},"28":{"start":{"line":102,"column":12},"end":{"line":107,"column":81}},"29":{"start":{"line":104,"column":16},"end":{"line":105,"column":62}},"30":{"start":{"line":107,"column":32},"end":{"line":107,"column":63}},"31":{"start":{"line":107,"column":64},"end":{"line":107,"column":78}},"32":{"start":{"line":109,"column":28},"end":{"line":109,"column":76}},"33":{"start":{"line":109,"column":77},"end":{"line":109,"column":91}},"34":{"start":{"line":114,"column":8},"end":{"line":114,"column":49}},"35":{"start":{"line":115,"column":8},"end":{"line":115,"column":56}},"36":{"start":{"line":116,"column":8},"end":{"line":116,"column":22}},"37":{"start":{"line":128,"column":2},"end":{"line":223,"column":4}},"38":{"start":{"line":160,"column":71},"end":{"line":160,"column":79}},"39":{"start":{"line":164,"column":39},"end":{"line":164,"column":58}},"40":{"start":{"line":200,"column":55},"end":{"line":200,"column":84}},"41":{"start":{"line":212,"column":71},"end":{"line":212,"column":79}},"42":{"start":{"line":216,"column":39},"end":{"line":216,"column":57}},"43":{"start":{"line":226,"column":15},"end":{"line":266,"column":2}}},"fnMap":{"0":{"name":"SignInForm","decl":{"start":{"line":10,"column":24},"end":{"line":10,"column":34}},"loc":{"start":{"line":10,"column":51},"end":{"line":224,"column":1}},"line":10},"1":{"name":"(anonymous_1)","decl":{"start":{"line":80,"column":17},"end":{"line":80,"column":18}},"loc":{"start":{"line":80,"column":23},"end":{"line":126,"column":3}},"line":80},"2":{"name":"(anonymous_2)","decl":{"start":{"line":94,"column":12},"end":{"line":94,"column":13}},"loc":{"start":{"line":94,"column":21},"end":{"line":112,"column":7}},"line":94},"3":{"name":"(anonymous_3)","decl":{"start":{"line":101,"column":16},"end":{"line":101,"column":17}},"loc":{"start":{"line":101,"column":25},"end":{"line":108,"column":11}},"line":101},"4":{"name":"(anonymous_4)","decl":{"start":{"line":103,"column":20},"end":{"line":103,"column":21}},"loc":{"start":{"line":103,"column":29},"end":{"line":106,"column":15}},"line":103},"5":{"name":"(anonymous_5)","decl":{"start":{"line":107,"column":21},"end":{"line":107,"column":22}},"loc":{"start":{"line":107,"column":30},"end":{"line":107,"column":80}},"line":107},"6":{"name":"(anonymous_6)","decl":{"start":{"line":109,"column":17},"end":{"line":109,"column":18}},"loc":{"start":{"line":109,"column":26},"end":{"line":109,"column":93}},"line":109},"7":{"name":"(anonymous_7)","decl":{"start":{"line":113,"column":13},"end":{"line":113,"column":14}},"loc":{"start":{"line":113,"column":22},"end":{"line":117,"column":7}},"line":113},"8":{"name":"(anonymous_8)","decl":{"start":{"line":160,"column":63},"end":{"line":160,"column":64}},"loc":{"start":{"line":160,"column":69},"end":{"line":160,"column":81}},"line":160},"9":{"name":"(anonymous_9)","decl":{"start":{"line":164,"column":31},"end":{"line":164,"column":32}},"loc":{"start":{"line":164,"column":37},"end":{"line":164,"column":60}},"line":164},"10":{"name":"(anonymous_10)","decl":{"start":{"line":200,"column":29},"end":{"line":200,"column":30}},"loc":{"start":{"line":200,"column":55},"end":{"line":200,"column":84}},"line":200},"11":{"name":"(anonymous_11)","decl":{"start":{"line":212,"column":63},"end":{"line":212,"column":64}},"loc":{"start":{"line":212,"column":69},"end":{"line":212,"column":81}},"line":212},"12":{"name":"(anonymous_12)","decl":{"start":{"line":216,"column":31},"end":{"line":216,"column":32}},"loc":{"start":{"line":216,"column":37},"end":{"line":216,"column":59}},"line":216}},"branchMap":{"0":{"loc":{"start":{"line":83,"column":4},"end":{"line":87,"column":5}},"type":"if","locations":[{"start":{"line":83,"column":4},"end":{"line":87,"column":5}},{"start":{},"end":{}}],"line":83},"1":{"loc":{"start":{"line":88,"column":4},"end":{"line":92,"column":5}},"type":"if","locations":[{"start":{"line":88,"column":4},"end":{"line":92,"column":5}},{"start":{},"end":{}}],"line":88},"2":{"loc":{"start":{"line":131,"column":8},"end":{"line":138,"column":20}},"type":"cond-expr","locations":[{"start":{"line":132,"column":10},"end":{"line":138,"column":12}},{"start":{"line":138,"column":15},"end":{"line":138,"column":20}}],"line":131},"3":{"loc":{"start":{"line":143,"column":8},"end":{"line":219,"column":23}},"type":"cond-expr","locations":[{"start":{"line":144,"column":10},"end":{"line":168,"column":13}},{"start":{"line":170,"column":10},"end":{"line":219,"column":23}}],"line":143},"4":{"loc":{"start":{"line":163,"column":14},"end":{"line":165,"column":23}},"type":"cond-expr","locations":[{"start":{"line":164,"column":16},"end":{"line":164,"column":115}},{"start":{"line":165,"column":18},"end":{"line":165,"column":23}}],"line":163},"5":{"loc":{"start":{"line":215,"column":14},"end":{"line":217,"column":23}},"type":"cond-expr","locations":[{"start":{"line":216,"column":16},"end":{"line":216,"column":118}},{"start":{"line":217,"column":18},"end":{"line":217,"column":23}}],"line":215}},"s":{"0":2,"1":2,"2":2,"3":2,"4":2,"5":2,"6":2,"7":2,"8":2,"9":2,"10":2,"11":0,"12":0,"13":0,"14":0,"15":0,"16":0,"17":0,"18":0,"19":0,"20":0,"21":0,"22":0,"23":0,"24":0,"25":0,"26":0,"27":0,"28":0,"29":0,"30":0,"31":0,"32":0,"33":0,"34":0,"35":0,"36":0,"37":2,"38":0,"39":0,"40":0,"41":0,"42":0,"43":4},"f":{"0":2,"1":0,"2":0,"3":0,"4":0,"5":0,"6":0,"7":0,"8":0,"9":0,"10":0,"11":0,"12":0},"b":{"0":[0,0],"1":[0,0],"2":[0,2],"3":[2,0],"4":[2,0],"5":[0,0]},"_coverageSchema":"1a1c01bbd47fc00a2c39e90264f33305004495a9","hash":"6844c9432e8bbf8283f9110a36520542845b5c2d"}
,"D:\\My WorkSpace\\SE_PROJECT_SEM_5\\GreenBayApp\\components\\notepage\\privatenote.js": {"path":"D:\\My WorkSpace\\SE_PROJECT_SEM_5\\GreenBayApp\\components\\notepage\\privatenote.js","statementMap":{"0":{"start":{"line":10,"column":28},"end":{"line":10,"column":40}},"1":{"start":{"line":11,"column":32},"end":{"line":11,"column":46}},"2":{"start":{"line":12,"column":34},"end":{"line":17,"column":4}},"3":{"start":{"line":49,"column":2},"end":{"line":76,"column":4}},"4":{"start":{"line":79,"column":15},"end":{"line":85,"column":2}}},"fnMap":{"0":{"name":"PrivateNote","decl":{"start":{"line":8,"column":24},"end":{"line":8,"column":35}},"loc":{"start":{"line":8,"column":46},"end":{"line":78,"column":1}},"line":8}},"branchMap":{"0":{"loc":{"start":{"line":52,"column":8},"end":{"line":70,"column":20}},"type":"cond-expr","locations":[{"start":{"line":53,"column":10},"end":{"line":58,"column":12}},{"start":{"line":60,"column":10},"end":{"line":70,"column":20}}],"line":52}},"s":{"0":1,"1":1,"2":1,"3":1,"4":8},"f":{"0":1},"b":{"0":[1,0]},"_coverageSchema":"1a1c01bbd47fc00a2c39e90264f33305004495a9","hash":"ac12f027c1ce709679a7c970ae64548351c21848"}
,"D:\\My WorkSpace\\SE_PROJECT_SEM_5\\GreenBayApp\\components\\notepage\\publicnote.js": {"path":"D:\\My WorkSpace\\SE_PROJECT_SEM_5\\GreenBayApp\\components\\notepage\\publicnote.js","statementMap":{"0":{"start":{"line":10,"column":30},"end":{"line":10,"column":42}},"1":{"start":{"line":11,"column":34},"end":{"line":11,"column":48}},"2":{"start":{"line":12,"column":36},"end":{"line":19,"column":6}},"3":{"start":{"line":54,"column":4},"end":{"line":81,"column":6}},"4":{"start":{"line":84,"column":15},"end":{"line":90,"column":2}}},"fnMap":{"0":{"name":"PublicNote","decl":{"start":{"line":8,"column":24},"end":{"line":8,"column":34}},"loc":{"start":{"line":8,"column":45},"end":{"line":82,"column":1}},"line":8}},"branchMap":{"0":{"loc":{"start":{"line":57,"column":16},"end":{"line":75,"column":30}},"type":"cond-expr","locations":[{"start":{"line":58,"column":20},"end":{"line":63,"column":22}},{"start":{"line":65,"column":20},"end":{"line":75,"column":30}}],"line":57}},"s":{"0":2,"1":2,"2":2,"3":2,"4":8},"f":{"0":2},"b":{"0":[2,0]},"_coverageSchema":"1a1c01bbd47fc00a2c39e90264f33305004495a9","hash":"5cce247d7e0d404cb3ede591e5093e5d201febbf"}
,"D:\\My WorkSpace\\SE_PROJECT_SEM_5\\GreenBayApp\\components\\postpage\\auth_posts.js": {"path":"D:\\My WorkSpace\\SE_PROJECT_SEM_5\\GreenBayApp\\components\\postpage\\auth_posts.js","statementMap":{"0":{"start":{"line":7,"column":15},"end":{"line":14,"column":5}},"1":{"start":{"line":17,"column":16},"end":{"line":17,"column":18}},"2":{"start":{"line":18,"column":4},"end":{"line":20,"column":6}},"3":{"start":{"line":19,"column":8},"end":{"line":19,"column":141}},"4":{"start":{"line":22,"column":4},"end":{"line":29,"column":6}},"5":{"start":{"line":32,"column":15},"end":{"line":40,"column":4}}},"fnMap":{"0":{"name":"AuthPosts","decl":{"start":{"line":6,"column":24},"end":{"line":6,"column":33}},"loc":{"start":{"line":6,"column":36},"end":{"line":31,"column":1}},"line":6},"1":{"name":"(anonymous_1)","decl":{"start":{"line":18,"column":17},"end":{"line":18,"column":18}},"loc":{"start":{"line":18,"column":28},"end":{"line":20,"column":5}},"line":18}},"branchMap":{},"s":{"0":1,"1":1,"2":1,"3":1,"4":1,"5":9},"f":{"0":1,"1":1},"b":{},"_coverageSchema":"1a1c01bbd47fc00a2c39e90264f33305004495a9","hash":"12697ebd28fa798e48ee7d3a07965c0c71da4e72"}
,"D:\\My WorkSpace\\SE_PROJECT_SEM_5\\GreenBayApp\\components\\postpage\\guest_posts.js": {"path":"D:\\My WorkSpace\\SE_PROJECT_SEM_5\\GreenBayApp\\components\\postpage\\guest_posts.js","statementMap":{"0":{"start":{"line":9,"column":29},"end":{"line":9,"column":41}},"1":{"start":{"line":10,"column":28},"end":{"line":10,"column":39}},"2":{"start":{"line":11,"column":30},"end":{"line":11,"column":41}},"3":{"start":{"line":26,"column":4},"end":{"line":26,"column":36}},"4":{"start":{"line":27,"column":4},"end":{"line":27,"column":35}},"5":{"start":{"line":29,"column":16},"end":{"line":29,"column":18}},"6":{"start":{"line":30,"column":4},"end":{"line":47,"column":5}},"7":{"start":{"line":32,"column":16},"end":{"line":32,"column":17}},"8":{"start":{"line":33,"column":8},"end":{"line":33,"column":18}},"9":{"start":{"line":34,"column":8},"end":{"line":46,"column":10}},"10":{"start":{"line":35,"column":12},"end":{"line":43,"column":16}},"11":{"start":{"line":44,"column":12},"end":{"line":44,"column":18}},"12":{"start":{"line":49,"column":4},"end":{"line":95,"column":6}},"13":{"start":{"line":68,"column":40},"end":{"line":69,"column":63}},"14":{"start":{"line":78,"column":40},"end":{"line":78,"column":57}},"15":{"start":{"line":79,"column":40},"end":{"line":79,"column":59}},"16":{"start":{"line":98,"column":15},"end":{"line":104,"column":2}},"17":{"start":{"line":107,"column":18},"end":{"line":107,"column":20}},"18":{"start":{"line":108,"column":4},"end":{"line":114,"column":7}},"19":{"start":{"line":109,"column":21},"end":{"line":109,"column":39}},"20":{"start":{"line":110,"column":8},"end":{"line":113,"column":11}},"21":{"start":{"line":111,"column":12},"end":{"line":111,"column":33}},"22":{"start":{"line":112,"column":12},"end":{"line":112,"column":28}},"23":{"start":{"line":115,"column":4},"end":{"line":115,"column":16}},"24":{"start":{"line":119,"column":17},"end":{"line":119,"column":19}},"25":{"start":{"line":119,"column":25},"end":{"line":119,"column":26}},"26":{"start":{"line":119,"column":32},"end":{"line":119,"column":42}},"27":{"start":{"line":120,"column":4},"end":{"line":122,"column":5}},"28":{"start":{"line":121,"column":8},"end":{"line":121,"column":44}},"29":{"start":{"line":123,"column":4},"end":{"line":123,"column":18}}},"fnMap":{"0":{"name":"GuestsPosts","decl":{"start":{"line":7,"column":24},"end":{"line":7,"column":35}},"loc":{"start":{"line":7,"column":46},"end":{"line":96,"column":1}},"line":7},"1":{"name":"(anonymous_1)","decl":{"start":{"line":34,"column":27},"end":{"line":34,"column":28}},"loc":{"start":{"line":34,"column":42},"end":{"line":45,"column":9}},"line":34},"2":{"name":"(anonymous_2)","decl":{"start":{"line":67,"column":45},"end":{"line":67,"column":46}},"loc":{"start":{"line":67,"column":51},"end":{"line":70,"column":37}},"line":67},"3":{"name":"(anonymous_3)","decl":{"start":{"line":77,"column":45},"end":{"line":77,"column":46}},"loc":{"start":{"line":77,"column":51},"end":{"line":80,"column":37}},"line":77},"4":{"name":"ProcessPosts","decl":{"start":{"line":106,"column":9},"end":{"line":106,"column":21}},"loc":{"start":{"line":106,"column":37},"end":{"line":116,"column":1}},"line":106},"5":{"name":"(anonymous_5)","decl":{"start":{"line":108,"column":26},"end":{"line":108,"column":27}},"loc":{"start":{"line":108,"column":39},"end":{"line":114,"column":5}},"line":108},"6":{"name":"(anonymous_6)","decl":{"start":{"line":110,"column":35},"end":{"line":110,"column":36}},"loc":{"start":{"line":110,"column":43},"end":{"line":113,"column":9}},"line":110},"7":{"name":"splitArrayIntoChunksOfLen","decl":{"start":{"line":118,"column":9},"end":{"line":118,"column":34}},"loc":{"start":{"line":118,"column":45},"end":{"line":124,"column":1}},"line":118}},"branchMap":{"0":{"loc":{"start":{"line":30,"column":4},"end":{"line":47,"column":5}},"type":"if","locations":[{"start":{"line":30,"column":4},"end":{"line":47,"column":5}},{"start":{},"end":{}}],"line":30},"1":{"loc":{"start":{"line":52,"column":16},"end":{"line":92,"column":27}},"type":"cond-expr","locations":[{"start":{"line":53,"column":20},"end":{"line":59,"column":22}},{"start":{"line":61,"column":20},"end":{"line":92,"column":27}}],"line":52}},"s":{"0":2,"1":2,"2":2,"3":2,"4":2,"5":2,"6":2,"7":0,"8":0,"9":0,"10":0,"11":0,"12":2,"13":0,"14":0,"15":0,"16":9,"17":0,"18":0,"19":0,"20":0,"21":0,"22":0,"23":0,"24":0,"25":0,"26":0,"27":0,"28":0,"29":0},"f":{"0":2,"1":0,"2":0,"3":0,"4":0,"5":0,"6":0,"7":0},"b":{"0":[0,2],"1":[2,0]},"_coverageSchema":"1a1c01bbd47fc00a2c39e90264f33305004495a9","hash":"44b1c3b24bbc0d2118275af27636423c816ffce5"}
,"D:\\My WorkSpace\\SE_PROJECT_SEM_5\\GreenBayApp\\components\\qna_components\\MessagePanel.js": {"path":"D:\\My WorkSpace\\SE_PROJECT_SEM_5\\GreenBayApp\\components\\qna_components\\MessagePanel.js","statementMap":{"0":{"start":{"line":11,"column":37},"end":{"line":11,"column":49}},"1":{"start":{"line":30,"column":4},"end":{"line":38,"column":6}},"2":{"start":{"line":41,"column":15},"end":{"line":43,"column":2}}},"fnMap":{"0":{"name":"MessagePanel","decl":{"start":{"line":9,"column":24},"end":{"line":9,"column":36}},"loc":{"start":{"line":9,"column":79},"end":{"line":39,"column":1}},"line":9}},"branchMap":{},"s":{"0":1,"1":1,"2":3},"f":{"0":1},"b":{},"_coverageSchema":"1a1c01bbd47fc00a2c39e90264f33305004495a9","hash":"5000150bb23fd226e64e4efd9111ede7c020622f"}
,"D:\\My WorkSpace\\SE_PROJECT_SEM_5\\GreenBayApp\\components\\qna_components\\MinistrySelector.js": {"path":"D:\\My WorkSpace\\SE_PROJECT_SEM_5\\GreenBayApp\\components\\qna_components\\MinistrySelector.js","statementMap":{"0":{"start":{"line":10,"column":28},"end":{"line":10,"column":40}},"1":{"start":{"line":12,"column":18},"end":{"line":23,"column":5}},"2":{"start":{"line":70,"column":4},"end":{"line":78,"column":6}},"3":{"start":{"line":81,"column":15},"end":{"line":83,"column":2}}},"fnMap":{"0":{"name":"MinistrySelector","decl":{"start":{"line":8,"column":24},"end":{"line":8,"column":40}},"loc":{"start":{"line":8,"column":100},"end":{"line":79,"column":1}},"line":8}},"branchMap":{},"s":{"0":1,"1":1,"2":1,"3":3},"f":{"0":1},"b":{},"_coverageSchema":"1a1c01bbd47fc00a2c39e90264f33305004495a9","hash":"56b637cd7a9d5fc35d51c715130fe0d1a52616ba"}
,"D:\\My WorkSpace\\SE_PROJECT_SEM_5\\GreenBayApp\\pages\\dashboard.js": {"path":"D:\\My WorkSpace\\SE_PROJECT_SEM_5\\GreenBayApp\\pages\\dashboard.js","statementMap":{"0":{"start":{"line":18,"column":36},"end":{"line":18,"column":51}},"1":{"start":{"line":21,"column":2},"end":{"line":56,"column":4}},"2":{"start":{"line":34,"column":29},"end":{"line":34,"column":47}},"3":{"start":{"line":59,"column":15},"end":{"line":102,"column":2}}},"fnMap":{"0":{"name":"Dashboard","decl":{"start":{"line":17,"column":24},"end":{"line":17,"column":33}},"loc":{"start":{"line":17,"column":50},"end":{"line":57,"column":1}},"line":17},"1":{"name":"(anonymous_1)","decl":{"start":{"line":34,"column":21},"end":{"line":34,"column":22}},"loc":{"start":{"line":34,"column":27},"end":{"line":34,"column":49}},"line":34}},"branchMap":{},"s":{"0":1,"1":1,"2":0,"3":2},"f":{"0":1,"1":0},"b":{},"_coverageSchema":"1a1c01bbd47fc00a2c39e90264f33305004495a9","hash":"f906a198d0ac6846d1d198b6c0bb60b344951b06"}
,"D:\\My WorkSpace\\SE_PROJECT_SEM_5\\GreenBayApp\\pages\\land_report_page.js": {"path":"D:\\My WorkSpace\\SE_PROJECT_SEM_5\\GreenBayApp\\pages\\land_report_page.js","statementMap":{"0":{"start":{"line":25,"column":28},"end":{"line":25,"column":39}},"1":{"start":{"line":26,"column":36},"end":{"line":26,"column":49}},"2":{"start":{"line":27,"column":38},"end":{"line":27,"column":50}},"3":{"start":{"line":28,"column":28},"end":{"line":28,"column":42}},"4":{"start":{"line":29,"column":30},"end":{"line":29,"column":42}},"5":{"start":{"line":30,"column":30},"end":{"line":30,"column":44}},"6":{"start":{"line":32,"column":4},"end":{"line":32,"column":55}},"7":{"start":{"line":33,"column":4},"end":{"line":52,"column":6}},"8":{"start":{"line":55,"column":15},"end":{"line":57,"column":2}}},"fnMap":{"0":{"name":"Land_Report_page","decl":{"start":{"line":8,"column":24},"end":{"line":8,"column":40}},"loc":{"start":{"line":8,"column":57},"end":{"line":53,"column":1}},"line":8}},"branchMap":{"0":{"loc":{"start":{"line":36,"column":16},"end":{"line":48,"column":66}},"type":"cond-expr","locations":[{"start":{"line":37,"column":20},"end":{"line":37,"column":173}},{"start":{"line":39,"column":20},"end":{"line":48,"column":66}}],"line":36},"1":{"loc":{"start":{"line":39,"column":20},"end":{"line":48,"column":66}},"type":"cond-expr","locations":[{"start":{"line":41,"column":24},"end":{"line":41,"column":165}},{"start":{"line":43,"column":24},"end":{"line":48,"column":66}}],"line":39},"2":{"loc":{"start":{"line":43,"column":24},"end":{"line":48,"column":66}},"type":"cond-expr","locations":[{"start":{"line":44,"column":28},"end":{"line":44,"column":150}},{"start":{"line":46,"column":28},"end":{"line":48,"column":66}}],"line":43},"3":{"loc":{"start":{"line":46,"column":28},"end":{"line":48,"column":66}},"type":"cond-expr","locations":[{"start":{"line":47,"column":32},"end":{"line":47,"column":79}},{"start":{"line":48,"column":34},"end":{"line":48,"column":66}}],"line":46}},"s":{"0":1,"1":1,"2":1,"3":1,"4":1,"5":1,"6":1,"7":1,"8":2},"f":{"0":1},"b":{"0":[1,0],"1":[0,0],"2":[0,0],"3":[0,0]},"_coverageSchema":"1a1c01bbd47fc00a2c39e90264f33305004495a9","hash":"8e6fa6b00aed2609f48b5a8131b72cc64d4b5229"}
,"D:\\My WorkSpace\\SE_PROJECT_SEM_5\\GreenBayApp\\pages\\myaccount.js": {"path":"D:\\My WorkSpace\\SE_PROJECT_SEM_5\\GreenBayApp\\pages\\myaccount.js","statementMap":{"0":{"start":{"line":17,"column":25},"end":{"line":17,"column":37}},"1":{"start":{"line":19,"column":2},"end":{"line":21,"column":4}},"2":{"start":{"line":20,"column":4},"end":{"line":20,"column":22}},"3":{"start":{"line":22,"column":2},"end":{"line":32,"column":4}},"4":{"start":{"line":35,"column":15},"end":{"line":37,"column":2}}},"fnMap":{"0":{"name":"MyAccount","decl":{"start":{"line":16,"column":24},"end":{"line":16,"column":33}},"loc":{"start":{"line":16,"column":48},"end":{"line":33,"column":1}},"line":16},"1":{"name":"(anonymous_1)","decl":{"start":{"line":19,"column":24},"end":{"line":19,"column":25}},"loc":{"start":{"line":19,"column":32},"end":{"line":21,"column":3}},"line":19}},"branchMap":{"0":{"loc":{"start":{"line":25,"column":8},"end":{"line":28,"column":45}},"type":"cond-expr","locations":[{"start":{"line":26,"column":8},"end":{"line":26,"column":42}},{"start":{"line":28,"column":8},"end":{"line":28,"column":45}}],"line":25},"1":{"loc":{"start":{"line":25,"column":8},"end":{"line":25,"column":37}},"type":"binary-expr","locations":[{"start":{"line":25,"column":8},"end":{"line":25,"column":19}},{"start":{"line":25,"column":23},"end":{"line":25,"column":37}}],"line":25}},"s":{"0":1,"1":1,"2":0,"3":1,"4":2},"f":{"0":1,"1":0},"b":{"0":[0,1],"1":[1,1]},"_coverageSchema":"1a1c01bbd47fc00a2c39e90264f33305004495a9","hash":"68578c4edd62db267af217c65d23261a7dafeedd"}
,"D:\\My WorkSpace\\SE_PROJECT_SEM_5\\GreenBayApp\\pages\\note_page.js": {"path":"D:\\My WorkSpace\\SE_PROJECT_SEM_5\\GreenBayApp\\pages\\note_page.js","statementMap":{"0":{"start":{"line":13,"column":28},"end":{"line":13,"column":57}},"1":{"start":{"line":14,"column":46},"end":{"line":14,"column":61}},"2":{"start":{"line":33,"column":4},"end":{"line":61,"column":6}},"3":{"start":{"line":48,"column":55},"end":{"line":48,"column":88}},"4":{"start":{"line":48,"column":89},"end":{"line":48,"column":125}},"5":{"start":{"line":64,"column":15},"end":{"line":82,"column":2}}},"fnMap":{"0":{"name":"NotePage","decl":{"start":{"line":10,"column":24},"end":{"line":10,"column":32}},"loc":{"start":{"line":10,"column":49},"end":{"line":62,"column":1}},"line":10},"1":{"name":"(anonymous_1)","decl":{"start":{"line":48,"column":47},"end":{"line":48,"column":48}},"loc":{"start":{"line":48,"column":53},"end":{"line":48,"column":127}},"line":48}},"branchMap":{"0":{"loc":{"start":{"line":38,"column":16},"end":{"line":53,"column":27}},"type":"cond-expr","locations":[{"start":{"line":39,"column":20},"end":{"line":39,"column":34}},{"start":{"line":40,"column":20},"end":{"line":53,"column":27}}],"line":38},"1":{"loc":{"start":{"line":46,"column":44},"end":{"line":46,"column":81}},"type":"cond-expr","locations":[{"start":{"line":46,"column":60},"end":{"line":46,"column":69}},{"start":{"line":46,"column":72},"end":{"line":46,"column":81}}],"line":46},"2":{"loc":{"start":{"line":56,"column":16},"end":{"line":58,"column":46}},"type":"cond-expr","locations":[{"start":{"line":57,"column":20},"end":{"line":57,"column":47}},{"start":{"line":58,"column":20},"end":{"line":58,"column":46}}],"line":56}},"s":{"0":1,"1":1,"2":1,"3":0,"4":0,"5":7},"f":{"0":1,"1":0},"b":{"0":[1,0],"1":[0,0],"2":[0,1]},"_coverageSchema":"1a1c01bbd47fc00a2c39e90264f33305004495a9","hash":"256a5c1aa4c155d02017ca8960d34dded6c17034"}
,"D:\\My WorkSpace\\SE_PROJECT_SEM_5\\GreenBayApp\\pages\\posts_page.js": {"path":"D:\\My WorkSpace\\SE_PROJECT_SEM_5\\GreenBayApp\\pages\\posts_page.js","statementMap":{"0":{"start":{"line":11,"column":28},"end":{"line":11,"column":53}},"1":{"start":{"line":12,"column":40},"end":{"line":12,"column":55}},"2":{"start":{"line":31,"column":4},"end":{"line":62,"column":6}},"3":{"start":{"line":65,"column":15},"end":{"line":83,"column":2}}},"fnMap":{"0":{"name":"PostPage","decl":{"start":{"line":8,"column":24},"end":{"line":8,"column":32}},"loc":{"start":{"line":8,"column":49},"end":{"line":63,"column":1}},"line":8}},"branchMap":{"0":{"loc":{"start":{"line":36,"column":16},"end":{"line":51,"column":34}},"type":"cond-expr","locations":[{"start":{"line":37,"column":20},"end":{"line":50,"column":27}},{"start":{"line":51,"column":20},"end":{"line":51,"column":34}}],"line":36},"1":{"loc":{"start":{"line":54,"column":16},"end":{"line":58,"column":47}},"type":"cond-expr","locations":[{"start":{"line":55,"column":20},"end":{"line":55,"column":45}},{"start":{"line":58,"column":20},"end":{"line":58,"column":47}}],"line":54}},"s":{"0":1,"1":1,"2":1,"3":2},"f":{"0":1},"b":{"0":[0,1],"1":[0,1]},"_coverageSchema":"1a1c01bbd47fc00a2c39e90264f33305004495a9","hash":"038200783ae983437e7b91a1487f71c340fd2b99"}
,"D:\\My WorkSpace\\SE_PROJECT_SEM_5\\GreenBayApp\\pages\\qnapage.js": {"path":"D:\\My WorkSpace\\SE_PROJECT_SEM_5\\GreenBayApp\\pages\\qnapage.js","statementMap":{"0":{"start":{"line":21,"column":45},"end":{"line":21,"column":57}},"1":{"start":{"line":22,"column":55},"end":{"line":22,"column":69}},"2":{"start":{"line":23,"column":46},"end":{"line":23,"column":58}},"3":{"start":{"line":25,"column":28},"end":{"line":25,"column":57}},"4":{"start":{"line":51,"column":4},"end":{"line":70,"column":6}},"5":{"start":{"line":54,"column":57},"end":{"line":54,"column":89}},"6":{"start":{"line":73,"column":15},"end":{"line":75,"column":2}}},"fnMap":{"0":{"name":"QnAPage","decl":{"start":{"line":19,"column":24},"end":{"line":19,"column":31}},"loc":{"start":{"line":19,"column":48},"end":{"line":71,"column":1}},"line":19},"1":{"name":"(anonymous_1)","decl":{"start":{"line":54,"column":49},"end":{"line":54,"column":50}},"loc":{"start":{"line":54,"column":55},"end":{"line":54,"column":91}},"line":54}},"branchMap":{"0":{"loc":{"start":{"line":53,"column":13},"end":{"line":65,"column":19}},"type":"cond-expr","locations":[{"start":{"line":54,"column":16},"end":{"line":54,"column":114}},{"start":{"line":55,"column":16},"end":{"line":65,"column":19}}],"line":53},"1":{"loc":{"start":{"line":61,"column":21},"end":{"line":61,"column":155}},"type":"cond-expr","locations":[{"start":{"line":61,"column":49},"end":{"line":61,"column":147}},{"start":{"line":61,"column":150},"end":{"line":61,"column":155}}],"line":61}},"s":{"0":1,"1":1,"2":1,"3":1,"4":1,"5":0,"6":2},"f":{"0":1,"1":0},"b":{"0":[1,0],"1":[0,0]},"_coverageSchema":"1a1c01bbd47fc00a2c39e90264f33305004495a9","hash":"c43f368944bd7d9bef3e6db44c611a3990ddf1c8"}
,"D:\\My WorkSpace\\SE_PROJECT_SEM_5\\GreenBayApp\\server\\endpoints.js": {"path":"D:\\My WorkSpace\\SE_PROJECT_SEM_5\\GreenBayApp\\server\\endpoints.js","statementMap":{"0":{"start":{"line":3,"column":23},"end":{"line":3,"column":43}},"1":{"start":{"line":4,"column":29},"end":{"line":4,"column":57}},"2":{"start":{"line":5,"column":23},"end":{"line":5,"column":46}},"3":{"start":{"line":6,"column":22},"end":{"line":6,"column":43}},"4":{"start":{"line":9,"column":29},"end":{"line":9,"column":54}},"5":{"start":{"line":11,"column":35},"end":{"line":11,"column":61}},"6":{"start":{"line":12,"column":36},"end":{"line":12,"column":62}},"7":{"start":{"line":13,"column":31},"end":{"line":13,"column":68}},"8":{"start":{"line":15,"column":32},"end":{"line":15,"column":62}},"9":{"start":{"line":16,"column":33},"end":{"line":16,"column":61}},"10":{"start":{"line":18,"column":33},"end":{"line":18,"column":67}}},"fnMap":{},"branchMap":{},"s":{"0":21,"1":21,"2":21,"3":21,"4":21,"5":21,"6":21,"7":21,"8":21,"9":21,"10":21},"f":{},"b":{},"_coverageSchema":"1a1c01bbd47fc00a2c39e90264f33305004495a9","hash":"4fb7946582a23b0e4490471d0cdda36aa40fa238"}
,"D:\\My WorkSpace\\SE_PROJECT_SEM_5\\GreenBayApp\\server\\host.js": {"path":"D:\\My WorkSpace\\SE_PROJECT_SEM_5\\GreenBayApp\\server\\host.js","statementMap":{"0":{"start":{"line":1,"column":18},"end":{"line":1,"column":57}}},"fnMap":{},"branchMap":{},"s":{"0":21},"f":{},"b":{},"_coverageSchema":"1a1c01bbd47fc00a2c39e90264f33305004495a9","hash":"314ed7b04e8f5de64e398e0a7b789de42b682b45"}
,"D:\\My WorkSpace\\SE_PROJECT_SEM_5\\GreenBayApp\\server\\noterequestgenerator.js": {"path":"D:\\My WorkSpace\\SE_PROJECT_SEM_5\\GreenBayApp\\server\\noterequestgenerator.js","statementMap":{"0":{"start":{"line":11,"column":4},"end":{"line":11,"column":38}},"1":{"start":{"line":15,"column":17},"end":{"line":15,"column":42}},"2":{"start":{"line":16,"column":17},"end":{"line":20,"column":5}},"3":{"start":{"line":21,"column":4},"end":{"line":21,"column":54}}},"fnMap":{"0":{"name":"requestPublicNotes","decl":{"start":{"line":10,"column":9},"end":{"line":10,"column":27}},"loc":{"start":{"line":10,"column":30},"end":{"line":12,"column":1}},"line":10},"1":{"name":"requestPrivateNotes","decl":{"start":{"line":14,"column":9},"end":{"line":14,"column":28}},"loc":{"start":{"line":14,"column":57},"end":{"line":22,"column":1}},"line":14}},"branchMap":{},"s":{"0":1,"1":1,"2":1,"3":1},"f":{"0":1,"1":1},"b":{},"_coverageSchema":"1a1c01bbd47fc00a2c39e90264f33305004495a9","hash":"077fbf9536c0edbeb5b3c6423f6efac8b62cedd4"}
,"D:\\My WorkSpace\\SE_PROJECT_SEM_5\\GreenBayApp\\server\\postrequestgenerator.js": {"path":"D:\\My WorkSpace\\SE_PROJECT_SEM_5\\GreenBayApp\\server\\postrequestgenerator.js","statementMap":{"0":{"start":{"line":10,"column":4},"end":{"line":10,"column":35}}},"fnMap":{"0":{"name":"requestAllPosts","decl":{"start":{"line":9,"column":9},"end":{"line":9,"column":24}},"loc":{"start":{"line":9,"column":26},"end":{"line":11,"column":1}},"line":9}},"branchMap":{},"s":{"0":1},"f":{"0":1},"b":{},"_coverageSchema":"1a1c01bbd47fc00a2c39e90264f33305004495a9","hash":"f8ffe3d696fe7029237644100392a12824889719"}
,"D:\\My WorkSpace\\SE_PROJECT_SEM_5\\GreenBayApp\\server\\qnarequestgenerator.js": {"path":"D:\\My WorkSpace\\SE_PROJECT_SEM_5\\GreenBayApp\\server\\qnarequestgenerator.js","statementMap":{"0":{"start":{"line":10,"column":17},"end":{"line":10,"column":42}},"1":{"start":{"line":11,"column":17},"end":{"line":15,"column":5}},"2":{"start":{"line":16,"column":4},"end":{"line":16,"column":54}}},"fnMap":{"0":{"name":"requestAllQuestions","decl":{"start":{"line":9,"column":9},"end":{"line":9,"column":28}},"loc":{"start":{"line":9,"column":57},"end":{"line":17,"column":1}},"line":9}},"branchMap":{},"s":{"0":1,"1":1,"2":1},"f":{"0":1},"b":{},"_coverageSchema":"1a1c01bbd47fc00a2c39e90264f33305004495a9","hash":"a73951e3b86884ab40fad612dd19b60a5008a907"}
,"D:\\My WorkSpace\\SE_PROJECT_SEM_5\\GreenBayApp\\server\\reportrequestgenerator.js": {"path":"D:\\My WorkSpace\\SE_PROJECT_SEM_5\\GreenBayApp\\server\\reportrequestgenerator.js","statementMap":{"0":{"start":{"line":12,"column":4},"end":{"line":20,"column":5}},"1":{"start":{"line":24,"column":4},"end":{"line":33,"column":5}},"2":{"start":{"line":38,"column":17},"end":{"line":38,"column":33}},"3":{"start":{"line":39,"column":4},"end":{"line":39,"column":44}}},"fnMap":{"0":{"name":"requestavailabledates","decl":{"start":{"line":11,"column":9},"end":{"line":11,"column":30}},"loc":{"start":{"line":11,"column":41},"end":{"line":21,"column":1}},"line":11},"1":{"name":"requestsateliteimage","decl":{"start":{"line":23,"column":9},"end":{"line":23,"column":29}},"loc":{"start":{"line":23,"column":46},"end":{"line":34,"column":1}},"line":23},"2":{"name":"request_land_report","decl":{"start":{"line":36,"column":9},"end":{"line":36,"column":28}},"loc":{"start":{"line":36,"column":36},"end":{"line":41,"column":1}},"line":36}},"branchMap":{},"s":{"0":1,"1":1,"2":1,"3":1},"f":{"0":1,"1":1,"2":1},"b":{},"_coverageSchema":"1a1c01bbd47fc00a2c39e90264f33305004495a9","hash":"23ac433e6f03070944c43a07bcee61343f08093a"}
,"D:\\My WorkSpace\\SE_PROJECT_SEM_5\\GreenBayApp\\server\\requestgenerator.js": {"path":"D:\\My WorkSpace\\SE_PROJECT_SEM_5\\GreenBayApp\\server\\requestgenerator.js","statementMap":{"0":{"start":{"line":13,"column":15},"end":{"line":13,"column":50}},"1":{"start":{"line":14,"column":4},"end":{"line":14,"column":35}},"2":{"start":{"line":18,"column":15},"end":{"line":25,"column":5}},"3":{"start":{"line":26,"column":4},"end":{"line":26,"column":35}},"4":{"start":{"line":30,"column":15},"end":{"line":30,"column":37}},"5":{"start":{"line":31,"column":17},"end":{"line":35,"column":7}},"6":{"start":{"line":36,"column":4},"end":{"line":36,"column":48}},"7":{"start":{"line":40,"column":15},"end":{"line":40,"column":37}},"8":{"start":{"line":41,"column":17},"end":{"line":45,"column":7}},"9":{"start":{"line":46,"column":4},"end":{"line":46,"column":41}}},"fnMap":{"0":{"name":"requestSignIn","decl":{"start":{"line":12,"column":9},"end":{"line":12,"column":22}},"loc":{"start":{"line":12,"column":38},"end":{"line":15,"column":1}},"line":12},"1":{"name":"requestSignUp","decl":{"start":{"line":17,"column":9},"end":{"line":17,"column":22}},"loc":{"start":{"line":17,"column":84},"end":{"line":27,"column":1}},"line":17},"2":{"name":"requestUserData","decl":{"start":{"line":29,"column":9},"end":{"line":29,"column":24}},"loc":{"start":{"line":29,"column":51},"end":{"line":37,"column":1}},"line":29},"3":{"name":"requestLogOut","decl":{"start":{"line":39,"column":9},"end":{"line":39,"column":22}},"loc":{"start":{"line":39,"column":49},"end":{"line":47,"column":1}},"line":39}},"branchMap":{},"s":{"0":1,"1":1,"2":1,"3":1,"4":1,"5":1,"6":1,"7":1,"8":1,"9":1},"f":{"0":1,"1":1,"2":1,"3":1},"b":{},"_coverageSchema":"1a1c01bbd47fc00a2c39e90264f33305004495a9","hash":"0a0c800d756137dbcdef43dcd8613ad817fcc33f"}
,"D:\\My WorkSpace\\SE_PROJECT_SEM_5\\GreenBayApp\\shared\\colors.js": {"path":"D:\\My WorkSpace\\SE_PROJECT_SEM_5\\GreenBayApp\\shared\\colors.js","statementMap":{"0":{"start":{"line":1,"column":21},"end":{"line":1,"column":30}},"1":{"start":{"line":2,"column":26},"end":{"line":2,"column":35}},"2":{"start":{"line":3,"column":28},"end":{"line":3,"column":37}},"3":{"start":{"line":4,"column":24},"end":{"line":4,"column":33}},"4":{"start":{"line":5,"column":25},"end":{"line":5,"column":34}},"5":{"start":{"line":6,"column":21},"end":{"line":6,"column":30}},"6":{"start":{"line":9,"column":23},"end":{"line":9,"column":28}},"7":{"start":{"line":10,"column":25},"end":{"line":10,"column":35}},"8":{"start":{"line":12,"column":32},"end":{"line":30,"column":1}}},"fnMap":{},"branchMap":{},"s":{"0":26,"1":26,"2":26,"3":26,"4":26,"5":26,"6":26,"7":26,"8":26},"f":{},"b":{},"_coverageSchema":"1a1c01bbd47fc00a2c39e90264f33305004495a9","hash":"1d4017892db6a3cdbcb9b10dce23f72045593d5e"}
,"D:\\My WorkSpace\\SE_PROJECT_SEM_5\\GreenBayApp\\storage\\storemanager.js": {"path":"D:\\My WorkSpace\\SE_PROJECT_SEM_5\\GreenBayApp\\storage\\storemanager.js","statementMap":{"0":{"start":{"line":9,"column":21},"end":{"line":22,"column":1}},"1":{"start":{"line":10,"column":6},"end":{"line":13,"column":8}},"2":{"start":{"line":14,"column":6},"end":{"line":17,"column":8}},"3":{"start":{"line":18,"column":6},"end":{"line":21,"column":8}},"4":{"start":{"line":24,"column":26},"end":{"line":36,"column":1}},"5":{"start":{"line":25,"column":16},"end":{"line":27,"column":5}},"6":{"start":{"line":28,"column":16},"end":{"line":30,"column":5}},"7":{"start":{"line":31,"column":17},"end":{"line":33,"column":7}},"8":{"start":{"line":35,"column":4},"end":{"line":35,"column":31}},"9":{"start":{"line":38,"column":21},"end":{"line":47,"column":1}},"10":{"start":{"line":39,"column":16},"end":{"line":41,"column":5}},"11":{"start":{"line":42,"column":17},"end":{"line":44,"column":5}},"12":{"start":{"line":46,"column":4},"end":{"line":46,"column":25}}},"fnMap":{"0":{"name":"(anonymous_0)","decl":{"start":{"line":9,"column":21},"end":{"line":9,"column":22}},"loc":{"start":{"line":9,"column":51},"end":{"line":22,"column":1}},"line":9},"1":{"name":"(anonymous_1)","decl":{"start":{"line":24,"column":26},"end":{"line":24,"column":27}},"loc":{"start":{"line":24,"column":38},"end":{"line":36,"column":1}},"line":24},"2":{"name":"(anonymous_2)","decl":{"start":{"line":38,"column":21},"end":{"line":38,"column":22}},"loc":{"start":{"line":38,"column":33},"end":{"line":47,"column":1}},"line":38}},"branchMap":{},"s":{"0":14,"1":1,"2":1,"3":1,"4":14,"5":1,"6":1,"7":1,"8":1,"9":14,"10":2,"11":1,"12":1},"f":{"0":1,"1":1,"2":2},"b":{},"_coverageSchema":"1a1c01bbd47fc00a2c39e90264f33305004495a9","hash":"ca70c1c92b01113696adf4dec23005fb740b3137"}
}
