TN:
SF:App.js
FN:22,(anonymous_0)
FN:32,(anonymous_1)
FN:58,(anonymous_2)
FN:61,(anonymous_3)
FN:64,(anonymous_4)
FN:79,App
FN:106,(anonymous_6)
FNF:7
FNH:3
FNDA:0,(anonymous_0)
FNDA:1,(anonymous_1)
FNDA:0,(anonymous_2)
FNDA:0,(anonymous_3)
FNDA:0,(anonymous_4)
FNDA:2,App
FNDA:1,(anonymous_6)
DA:17,1
DA:21,1
DA:22,0
DA:29,1
DA:30,1
DA:32,1
DA:35,1
DA:36,1
DA:38,1
DA:39,1
DA:40,0
DA:43,0
DA:44,0
DA:46,0
DA:48,0
DA:49,0
DA:50,0
DA:54,0
DA:55,0
DA:58,1
DA:59,0
DA:63,0
DA:66,0
DA:106,2
DA:108,1
DA:112,1
DA:113,1
DA:116,1
DA:118,1
DA:125,1
DA:140,1
LF:31
LH:18
BRDA:38,0,0,1
BRDA:38,0,1,0
BRDA:43,1,0,0
BRDA:43,1,1,0
BRDA:112,2,0,1
BRDA:112,2,1,0
BRF:6
BRH:2
end_of_record
TN:
SF:Alert\alert.js
FN:4,ShowAlert
FN:9,(anonymous_1)
FNF:2
FNH:0
FNDA:0,ShowAlert
FNDA:0,(anonymous_1)
DA:5,0
DA:9,0
LF:2
LH:0
BRF:0
BRH:0
end_of_record
TN:
SF:atoms\Bubble.js
FN:7,Bubble
FNF:1
FNH:1
FNDA:2,Bubble
DA:9,2
DA:10,2
DA:11,2
DA:37,2
LF:4
LH:4
BRDA:20,0,0,1
BRDA:20,0,1,1
BRF:2
BRH:2
end_of_record
TN:
SF:atoms\card.js
FN:5,IntroCard
FNF:1
FNH:1
FNDA:13,IntroCard
DA:7,13
DA:8,13
DA:20,4
LF:3
LH:3
BRF:0
BRH:0
end_of_record
TN:
SF:atoms\icon_button.js
FN:7,CustomIconButton
FN:9,(anonymous_1)
FNF:2
FNH:1
FNDA:13,CustomIconButton
FNDA:0,(anonymous_1)
DA:8,13
DA:9,0
DA:18,4
LF:3
LH:2
BRF:0
BRH:0
end_of_record
TN:
SF:atoms\post.js
FN:7,PostCard
FNF:1
FNH:1
FNDA:2,PostCard
DA:9,2
DA:11,2
DA:38,7
LF:3
LH:3
BRDA:9,0,0,1
BRDA:9,0,1,1
BRF:2
BRH:2
end_of_record
TN:
SF:atoms\stretch_card.js
FN:5,StretchCard
FN:9,(anonymous_1)
FNF:2
FNH:1
FNDA:5,StretchCard
FNDA:0,(anonymous_1)
DA:8,5
DA:9,0
DA:29,6
LF:3
LH:2
BRF:0
BRH:0
end_of_record
TN:
SF:atoms\visitweb.js
FN:8,VisitWeb
FN:9,(anonymous_1)
FN:11,(anonymous_2)
FNF:3
FNH:1
FNDA:1,VisitWeb
FNDA:0,(anonymous_1)
FNDA:0,(anonymous_2)
DA:9,1
DA:11,0
DA:12,0
DA:13,0
DA:15,0
DA:20,1
DA:38,4
LF:7
LH:3
BRDA:12,0,0,0
BRDA:12,0,1,0
BRF:2
BRH:0
end_of_record
TN:
SF:components\dashboard_components\bottom_sheet.js
FN:9,DashBoardBottomSheet
FN:10,(anonymous_1)
FN:11,(anonymous_2)
FN:21,(anonymous_3)
FN:28,(anonymous_4)
FN:43,(anonymous_5)
FNF:6
FNH:2
FNDA:5,DashBoardBottomSheet
FNDA:0,(anonymous_1)
FNDA:0,(anonymous_2)
FNDA:0,(anonymous_3)
FNDA:0,(anonymous_4)
FNDA:20,(anonymous_5)
DA:10,5
DA:11,0
DA:12,0
DA:13,0
DA:15,0
DA:20,5
DA:21,0
DA:28,0
DA:31,5
DA:44,20
DA:58,4
LF:11
LH:5
BRDA:12,0,0,0
BRDA:12,0,1,0
BRF:2
BRH:0
end_of_record
TN:
SF:components\dashboard_components\dash_row.js
FN:9,DashboardRows
FN:10,(anonymous_1)
FN:12,(anonymous_2)
FNF:3
FNH:1
FNDA:4,DashboardRows
FNDA:0,(anonymous_1)
FNDA:0,(anonymous_2)
DA:10,4
DA:11,0
DA:12,0
DA:13,0
DA:14,0
DA:16,0
DA:20,4
DA:49,4
LF:8
LH:3
BRDA:13,0,0,0
BRDA:13,0,1,0
BRF:2
BRH:0
end_of_record
TN:
SF:components\dashboard_components\dash_slider.js
FN:11,DashboardSlider
FN:41,(anonymous_1)
FNF:2
FNH:2
FNDA:6,DashboardSlider
FNDA:24,(anonymous_1)
DA:12,6
DA:38,6
DA:40,6
DA:41,6
DA:43,24
DA:46,6
LF:6
LH:6
BRF:0
BRH:0
end_of_record
TN:
SF:components\dashboard_components\dash_tiles.js
FN:7,DashboardButtonTiles
FNF:1
FNH:1
FNDA:3,DashboardButtonTiles
DA:8,3
DA:30,3
LF:2
LH:2
BRF:0
BRH:0
end_of_record
TN:
SF:components\dashboard_components\ticker.js
FN:8,(anonymous_0)
FNF:1
FNH:1
FNDA:3,(anonymous_0)
DA:9,3
DA:41,3
LF:2
LH:2
BRF:0
BRH:0
end_of_record
TN:
SF:components\land_report\date_selector.js
FN:10,Date_Selector
FN:15,(anonymous_1)
FN:20,(anonymous_2)
FN:24,(anonymous_3)
FN:29,(anonymous_4)
FN:38,(anonymous_5)
FN:55,(anonymous_6)
FN:73,(anonymous_7)
FNF:8
FNH:1
FNDA:1,Date_Selector
FNDA:0,(anonymous_1)
FNDA:0,(anonymous_2)
FNDA:0,(anonymous_3)
FNDA:0,(anonymous_4)
FNDA:0,(anonymous_5)
FNDA:0,(anonymous_6)
FNDA:0,(anonymous_7)
DA:13,1
DA:14,1
DA:15,1
DA:17,0
DA:18,0
DA:19,0
DA:20,0
DA:21,0
DA:22,0
DA:23,0
DA:24,0
DA:25,0
DA:29,0
DA:34,0
DA:36,0
DA:39,0
DA:47,1
DA:55,0
DA:73,0
DA:88,2
LF:20
LH:5
BRDA:17,0,0,0
BRDA:17,0,1,0
BRDA:51,1,0,1
BRDA:51,1,1,0
BRF:4
BRH:1
end_of_record
TN:
SF:components\land_report\image_viewer.js
FN:10,Image_Viewer
FN:14,(anonymous_1)
FN:16,(anonymous_2)
FN:20,(anonymous_3)
FN:34,(anonymous_4)
FN:52,(anonymous_5)
FNF:6
FNH:1
FNDA:1,Image_Viewer
FNDA:0,(anonymous_1)
FNDA:0,(anonymous_2)
FNDA:0,(anonymous_3)
FNDA:0,(anonymous_4)
FNDA:0,(anonymous_5)
DA:14,1
DA:15,0
DA:16,0
DA:17,0
DA:18,0
DA:21,0
DA:26,1
DA:34,0
DA:52,0
DA:72,2
LF:10
LH:3
BRDA:30,0,0,1
BRDA:30,0,1,0
BRF:2
BRH:1
end_of_record
TN:
SF:components\land_report\land_report.js
FN:12,Land_Report
FN:23,(anonymous_1)
FN:24,(anonymous_2)
FN:32,(anonymous_3)
FN:41,(anonymous_4)
FN:60,(anonymous_5)
FN:75,(anonymous_6)
FN:94,(anonymous_7)
FNF:8
FNH:1
FNDA:1,Land_Report
FNDA:0,(anonymous_1)
FNDA:0,(anonymous_2)
FNDA:0,(anonymous_3)
FNDA:0,(anonymous_4)
FNDA:0,(anonymous_5)
FNDA:0,(anonymous_6)
FNDA:0,(anonymous_7)
DA:14,1
DA:15,1
DA:16,1
DA:17,1
DA:18,1
DA:19,1
DA:20,1
DA:23,1
DA:24,0
DA:25,0
DA:26,0
DA:27,0
DA:28,0
DA:29,0
DA:30,0
DA:31,0
DA:32,0
DA:33,0
DA:34,0
DA:35,0
DA:36,0
DA:37,0
DA:39,0
DA:40,0
DA:41,0
DA:43,0
DA:49,0
DA:52,0
DA:54,0
DA:55,0
DA:56,0
DA:58,0
DA:61,0
DA:66,1
DA:75,0
DA:94,0
DA:146,2
LF:37
LH:10
BRDA:71,0,0,0
BRDA:71,0,1,1
BRDA:100,1,0,0
BRDA:100,1,1,1
BRF:4
BRH:2
end_of_record
TN:
SF:components\land_report\land_report_map.js
FN:10,Land_Report_Map
FN:13,(anonymous_1)
FN:25,(anonymous_2)
FN:44,(anonymous_3)
FNF:4
FNH:2
FNDA:1,Land_Report_Map
FNDA:1,(anonymous_1)
FNDA:0,(anonymous_2)
FNDA:0,(anonymous_3)
DA:13,1
DA:17,1
DA:18,1
DA:20,1
DA:25,0
DA:44,0
DA:52,2
LF:7
LH:5
BRF:0
BRH:0
end_of_record
TN:
SF:components\myaccount\details.js
FN:8,Details
FN:24,(anonymous_1)
FN:25,(anonymous_2)
FN:26,(anonymous_3)
FN:42,(anonymous_4)
FN:45,(anonymous_5)
FN:48,(anonymous_6)
FN:52,(anonymous_7)
FN:54,(anonymous_8)
FN:71,(anonymous_9)
FNF:10
FNH:1
FNDA:1,Details
FNDA:0,(anonymous_1)
FNDA:0,(anonymous_2)
FNDA:0,(anonymous_3)
FNDA:0,(anonymous_4)
FNDA:0,(anonymous_5)
FNDA:0,(anonymous_6)
FNDA:0,(anonymous_7)
FNDA:0,(anonymous_8)
FNDA:0,(anonymous_9)
DA:9,1
DA:10,1
DA:11,1
DA:12,1
DA:13,1
DA:14,1
DA:15,1
DA:16,1
DA:18,1
DA:20,1
DA:22,1
DA:24,1
DA:25,0
DA:26,0
DA:27,0
DA:42,1
DA:43,0
DA:44,0
DA:46,0
DA:47,0
DA:49,0
DA:52,0
DA:54,0
DA:59,1
DA:71,0
DA:115,2
LF:26
LH:15
BRDA:62,0,0,1
BRDA:62,0,1,0
BRDA:73,1,0,0
BRDA:73,1,1,1
BRF:4
BRH:2
end_of_record
TN:
SF:components\myaccount\sign_in_sign_up.js
FN:10,SignInForm
FN:26,(anonymous_1)
FN:59,(anonymous_2)
FN:65,(anonymous_3)
FN:80,(anonymous_4)
FN:94,(anonymous_5)
FN:101,(anonymous_6)
FN:103,(anonymous_7)
FN:107,(anonymous_8)
FN:109,(anonymous_9)
FN:113,(anonymous_10)
FN:160,(anonymous_11)
FN:164,(anonymous_12)
FN:200,(anonymous_13)
FN:212,(anonymous_14)
FN:216,(anonymous_15)
FNF:16
FNH:1
FNDA:1,SignInForm
FNDA:0,(anonymous_1)
FNDA:0,(anonymous_2)
FNDA:0,(anonymous_3)
FNDA:0,(anonymous_4)
FNDA:0,(anonymous_5)
FNDA:0,(anonymous_6)
FNDA:0,(anonymous_7)
FNDA:0,(anonymous_8)
FNDA:0,(anonymous_9)
FNDA:0,(anonymous_10)
FNDA:0,(anonymous_11)
FNDA:0,(anonymous_12)
FNDA:0,(anonymous_13)
FNDA:0,(anonymous_14)
FNDA:0,(anonymous_15)
DA:11,1
DA:12,1
DA:13,1
DA:15,1
DA:17,1
DA:18,1
DA:19,1
DA:20,1
DA:21,1
DA:22,1
DA:26,1
DA:27,0
DA:29,0
DA:30,0
DA:31,0
DA:32,0
DA:34,0
DA:35,0
DA:36,0
DA:37,0
DA:38,0
DA:40,0
DA:41,0
DA:42,0
DA:43,0
DA:44,0
DA:45,0
DA:46,0
DA:48,0
DA:49,0
DA:50,0
DA:51,0
DA:53,0
DA:54,0
DA:55,0
DA:56,0
DA:58,0
DA:60,0
DA:61,0
DA:62,0
DA:63,0
DA:66,0
DA:67,0
DA:68,0
DA:80,1
DA:81,0
DA:82,0
DA:83,0
DA:84,0
DA:85,0
DA:86,0
DA:88,0
DA:89,0
DA:90,0
DA:91,0
DA:93,0
DA:95,0
DA:96,0
DA:97,0
DA:98,0
DA:99,0
DA:100,0
DA:102,0
DA:104,0
DA:107,0
DA:109,0
DA:114,0
DA:115,0
DA:116,0
DA:128,1
DA:160,0
DA:164,0
DA:200,0
DA:212,0
DA:216,0
DA:226,2
LF:76
LH:14
BRDA:29,0,0,0
BRDA:29,0,1,0
BRDA:35,1,0,0
BRDA:35,1,1,0
BRDA:41,2,0,0
BRDA:41,2,1,0
BRDA:43,3,0,0
BRDA:43,3,1,0
BRDA:48,4,0,0
BRDA:48,4,1,0
BRDA:53,5,0,0
BRDA:53,5,1,0
BRDA:83,6,0,0
BRDA:83,6,1,0
BRDA:88,7,0,0
BRDA:88,7,1,0
BRDA:131,8,0,0
BRDA:131,8,1,1
BRDA:143,9,0,1
BRDA:143,9,1,0
BRDA:163,10,0,1
BRDA:163,10,1,0
BRDA:215,11,0,0
BRDA:215,11,1,0
BRF:24
BRH:3
end_of_record
TN:
SF:components\notepage\privatenote.js
FN:8,PrivateNote
FN:19,(anonymous_1)
FN:20,(anonymous_2)
FN:23,(anonymous_3)
FN:38,(anonymous_4)
FNF:5
FNH:1
FNDA:1,PrivateNote
FNDA:0,(anonymous_1)
FNDA:0,(anonymous_2)
FNDA:0,(anonymous_3)
FNDA:0,(anonymous_4)
DA:10,1
DA:11,1
DA:12,1
DA:19,1
DA:20,0
DA:21,0
DA:22,0
DA:23,0
DA:24,0
DA:25,0
DA:35,0
DA:36,0
DA:37,0
DA:40,0
DA:49,1
DA:79,2
LF:16
LH:6
BRDA:52,0,0,1
BRDA:52,0,1,0
BRF:2
BRH:1
end_of_record
TN:
SF:components\notepage\publicnote.js
FN:8,PublicNote
FN:21,(anonymous_1)
FN:22,(anonymous_2)
FN:25,(anonymous_3)
FN:26,(anonymous_4)
FN:43,(anonymous_5)
FNF:6
FNH:0
FNDA:0,PublicNote
FNDA:0,(anonymous_1)
FNDA:0,(anonymous_2)
FNDA:0,(anonymous_3)
FNDA:0,(anonymous_4)
FNDA:0,(anonymous_5)
DA:10,0
DA:11,0
DA:12,0
DA:21,0
DA:22,0
DA:23,0
DA:24,0
DA:25,0
DA:26,0
DA:27,0
DA:29,0
DA:39,0
DA:40,0
DA:41,0
DA:42,0
DA:44,0
DA:45,0
DA:54,0
DA:84,1
LF:19
LH:1
BRDA:57,0,0,0
BRDA:57,0,1,0
BRF:2
BRH:0
end_of_record
TN:
SF:components\postpage\auth_posts.js
FN:6,AuthPosts
FN:18,(anonymous_1)
FNF:2
FNH:0
FNDA:0,AuthPosts
FNDA:0,(anonymous_1)
DA:7,0
DA:17,0
DA:18,0
DA:19,0
DA:22,0
DA:32,1
LF:6
LH:1
BRF:0
BRH:0
end_of_record
TN:
SF:components\postpage\guest_posts.js
FN:7,GuestsPosts
FN:13,(anonymous_1)
FN:14,(anonymous_2)
FN:34,(anonymous_3)
FN:67,(anonymous_4)
FN:77,(anonymous_5)
FN:106,ProcessPosts
FN:108,(anonymous_7)
FN:110,(anonymous_8)
FN:118,splitArrayIntoChunksOfLen
FNF:10
FNH:0
FNDA:0,GuestsPosts
FNDA:0,(anonymous_1)
FNDA:0,(anonymous_2)
FNDA:0,(anonymous_3)
FNDA:0,(anonymous_4)
FNDA:0,(anonymous_5)
FNDA:0,ProcessPosts
FNDA:0,(anonymous_7)
FNDA:0,(anonymous_8)
FNDA:0,splitArrayIntoChunksOfLen
DA:9,0
DA:10,0
DA:11,0
DA:13,0
DA:14,0
DA:15,0
DA:16,0
DA:17,0
DA:18,0
DA:19,0
DA:20,0
DA:26,0
DA:27,0
DA:29,0
DA:30,0
DA:32,0
DA:33,0
DA:34,0
DA:35,0
DA:44,0
DA:49,0
DA:68,0
DA:78,0
DA:79,0
DA:98,1
DA:107,0
DA:108,0
DA:109,0
DA:110,0
DA:111,0
DA:112,0
DA:115,0
DA:119,0
DA:120,0
DA:121,0
DA:123,0
LF:36
LH:1
BRDA:30,0,0,0
BRDA:30,0,1,0
BRDA:52,1,0,0
BRDA:52,1,1,0
BRF:4
BRH:0
end_of_record
TN:
SF:components\qna_components\MessagePanel.js
FN:9,MessagePanel
FN:14,(anonymous_1)
FN:17,(anonymous_2)
FNF:3
FNH:0
FNDA:0,MessagePanel
FNDA:0,(anonymous_1)
FNDA:0,(anonymous_2)
DA:11,0
DA:14,0
DA:15,0
DA:16,0
DA:17,0
DA:18,0
DA:19,0
DA:24,0
DA:30,0
DA:41,1
LF:10
LH:1
BRF:0
BRH:0
end_of_record
TN:
SF:components\qna_components\MinistrySelector.js
FN:8,MinistrySelector
FN:25,(anonymous_1)
FN:31,(anonymous_2)
FN:44,(anonymous_3)
FNF:4
FNH:0
FNDA:0,MinistrySelector
FNDA:0,(anonymous_1)
FNDA:0,(anonymous_2)
FNDA:0,(anonymous_3)
DA:10,0
DA:12,0
DA:25,0
DA:26,0
DA:27,0
DA:29,0
DA:30,0
DA:31,0
DA:32,0
DA:45,0
DA:59,0
DA:61,0
DA:70,0
DA:81,1
LF:14
LH:1
BRDA:27,0,0,0
BRDA:27,0,1,0
BRF:2
BRH:0
end_of_record
TN:
SF:pages\dashboard.js
FN:17,Dashboard
FN:34,(anonymous_1)
FNF:2
FNH:1
FNDA:3,Dashboard
FNDA:0,(anonymous_1)
DA:18,3
DA:21,3
DA:34,0
DA:59,3
LF:4
LH:3
BRF:0
BRH:0
end_of_record
TN:
SF:pages\land_report_page.js
FN:8,Land_Report_page
FNF:1
FNH:0
FNDA:0,Land_Report_page
DA:25,0
DA:26,0
DA:27,0
DA:28,0
DA:29,0
DA:30,0
DA:32,0
DA:33,0
DA:55,1
LF:9
LH:1
BRDA:36,0,0,0
BRDA:36,0,1,0
BRDA:39,1,0,0
BRDA:39,1,1,0
BRDA:43,2,0,0
BRDA:43,2,1,0
BRDA:46,3,0,0
BRDA:46,3,1,0
BRF:8
BRH:0
end_of_record
TN:
SF:pages\myaccount.js
FN:16,MyAccount
FN:19,(anonymous_1)
FNF:2
FNH:0
FNDA:0,MyAccount
FNDA:0,(anonymous_1)
DA:17,0
DA:19,0
DA:20,0
DA:22,0
DA:35,1
LF:5
LH:1
BRDA:25,0,0,0
BRDA:25,0,1,0
BRDA:25,1,0,0
BRDA:25,1,1,0
BRF:4
BRH:0
end_of_record
TN:
SF:pages\note_page.js
FN:10,NotePage
FN:16,(anonymous_1)
FN:18,(anonymous_2)
FN:48,(anonymous_3)
FNF:4
FNH:0
FNDA:0,NotePage
FNDA:0,(anonymous_1)
FNDA:0,(anonymous_2)
FNDA:0,(anonymous_3)
DA:13,0
DA:14,0
DA:16,0
DA:18,0
DA:20,0
DA:21,0
DA:33,0
DA:48,0
DA:64,1
LF:9
LH:1
BRDA:20,0,0,0
BRDA:20,0,1,0
BRDA:38,1,0,0
BRDA:38,1,1,0
BRDA:46,2,0,0
BRDA:46,2,1,0
BRDA:56,3,0,0
BRDA:56,3,1,0
BRF:8
BRH:0
end_of_record
TN:
SF:pages\posts_page.js
FN:8,PostPage
FN:14,(anonymous_1)
FN:16,(anonymous_2)
FNF:3
FNH:0
FNDA:0,PostPage
FNDA:0,(anonymous_1)
FNDA:0,(anonymous_2)
DA:11,0
DA:12,0
DA:14,0
DA:16,0
DA:17,0
DA:18,0
DA:19,0
DA:31,0
DA:65,1
LF:9
LH:1
BRDA:18,0,0,0
BRDA:18,0,1,0
BRDA:36,1,0,0
BRDA:36,1,1,0
BRDA:54,2,0,0
BRDA:54,2,1,0
BRF:6
BRH:0
end_of_record
TN:
SF:pages\qnapage.js
FN:19,QnAPage
FN:27,(anonymous_1)
FN:29,(anonymous_2)
FN:35,(anonymous_3)
FN:39,(anonymous_4)
FN:54,(anonymous_5)
FNF:6
FNH:0
FNDA:0,QnAPage
FNDA:0,(anonymous_1)
FNDA:0,(anonymous_2)
FNDA:0,(anonymous_3)
FNDA:0,(anonymous_4)
FNDA:0,(anonymous_5)
DA:21,0
DA:22,0
DA:23,0
DA:25,0
DA:27,0
DA:29,0
DA:31,0
DA:32,0
DA:34,0
DA:35,0
DA:36,0
DA:37,0
DA:40,0
DA:51,0
DA:54,0
DA:73,1
LF:16
LH:1
BRDA:31,0,0,0
BRDA:31,0,1,0
BRDA:34,1,0,0
BRDA:34,1,1,0
BRDA:34,2,0,0
BRDA:34,2,1,0
BRDA:53,3,0,0
BRDA:53,3,1,0
BRDA:61,4,0,0
BRDA:61,4,1,0
BRF:10
BRH:0
end_of_record
TN:
SF:server\endpoints.js
FNF:0
FNH:0
DA:3,8
DA:4,8
DA:5,8
DA:6,8
DA:9,8
DA:11,8
DA:12,8
DA:13,8
DA:15,8
DA:16,8
DA:18,8
LF:11
LH:11
BRF:0
BRH:0
end_of_record
TN:
SF:server\host.js
FNF:0
FNH:0
DA:1,8
LF:1
LH:1
BRF:0
BRH:0
end_of_record
TN:
SF:server\noterequestgenerator.js
FN:10,requestPublicNotes
FN:14,requestPrivateNotes
FNF:2
FNH:0
FNDA:0,requestPublicNotes
FNDA:0,requestPrivateNotes
DA:11,0
DA:15,0
DA:16,0
DA:21,0
LF:4
LH:0
BRF:0
BRH:0
end_of_record
TN:
SF:server\postrequestgenerator.js
FN:9,requestAllPosts
FNF:1
FNH:0
FNDA:0,requestAllPosts
DA:10,0
LF:1
LH:0
BRF:0
BRH:0
end_of_record
TN:
SF:server\qnarequestgenerator.js
FN:9,requestAllQuestions
FNF:1
FNH:0
FNDA:0,requestAllQuestions
DA:10,0
DA:11,0
DA:16,0
LF:3
LH:0
BRF:0
BRH:0
end_of_record
TN:
SF:server\reportrequestgenerator.js
FN:11,requestavailabledates
FN:23,requestsateliteimage
FN:36,request_land_report
FNF:3
FNH:0
FNDA:0,requestavailabledates
FNDA:0,requestsateliteimage
FNDA:0,request_land_report
DA:12,0
DA:24,0
DA:38,0
DA:39,0
LF:4
LH:0
BRF:0
BRH:0
end_of_record
TN:
SF:server\requestgenerator.js
FN:12,requestSignIn
FN:17,requestSignUp
FN:29,requestUserData
FN:39,requestLogOut
FNF:4
FNH:0
FNDA:0,requestSignIn
FNDA:0,requestSignUp
FNDA:0,requestUserData
FNDA:0,requestLogOut
DA:13,0
DA:14,0
DA:18,0
DA:26,0
DA:30,0
DA:31,0
DA:36,0
DA:40,0
DA:41,0
DA:46,0
LF:10
LH:0
BRF:0
BRH:0
end_of_record
TN:
SF:shared\colors.js
FNF:0
FNH:0
DA:1,16
DA:2,16
DA:3,16
DA:4,16
DA:5,16
DA:6,16
DA:9,16
DA:10,16
DA:12,16
LF:9
LH:9
BRF:0
BRH:0
end_of_record
TN:
SF:storage\storemanager.js
FN:9,(anonymous_0)
FN:24,(anonymous_1)
FN:38,(anonymous_2)
FNF:3
FNH:0
FNDA:0,(anonymous_0)
FNDA:0,(anonymous_1)
FNDA:0,(anonymous_2)
DA:9,5
DA:10,0
DA:14,0
DA:18,0
DA:24,5
DA:25,0
DA:28,0
DA:31,0
DA:35,0
DA:38,5
DA:39,0
DA:42,0
DA:46,0
LF:13
LH:3
BRF:0
BRH:0
end_of_record
