TN:
SF:App.js
FN:79,App
FNF:1
FNH:1
FNDA:2,App
DA:125,2
DA:140,1
LF:2
LH:2
BRF:0
BRH:0
end_of_record
TN:
SF:Alert\alert.js
FN:4,ShowAlert
FN:9,(anonymous_1)
FNF:2
FNH:1
FNDA:1,ShowAlert
FNDA:0,(anonymous_1)
DA:5,1
DA:9,0
LF:2
LH:1
BRF:0
BRH:0
end_of_record
TN:
SF:atoms\Bubble.js
FN:7,Bubble
FNF:1
FNH:1
FNDA:2,Bubble
DA:9,2
DA:10,2
DA:11,2
DA:37,4
LF:4
LH:4
BRDA:20,0,0,1
BRDA:20,0,1,1
BRF:2
BRH:2
end_of_record
TN:
SF:atoms\card.js
FN:5,IntroCard
FNF:1
FNH:1
FNDA:6,IntroCard
DA:7,6
DA:8,6
DA:20,13
LF:3
LH:3
BRF:0
BRH:0
end_of_record
TN:
SF:atoms\icon_button.js
FN:7,CustomIconButton
FN:9,(anonymous_1)
FNF:2
FNH:1
FNDA:5,CustomIconButton
FNDA:0,(anonymous_1)
DA:8,5
DA:9,0
DA:18,5
LF:3
LH:2
BRF:0
BRH:0
end_of_record
TN:
SF:atoms\post.js
FN:7,PostCard
FNF:1
FNH:1
FNDA:2,PostCard
DA:9,2
DA:11,2
DA:38,19
LF:3
LH:3
BRDA:9,0,0,1
BRDA:9,0,1,1
BRF:2
BRH:2
end_of_record
TN:
SF:atoms\stretch_card.js
FN:5,StretchCard
FN:9,(anonymous_1)
FNF:2
FNH:1
FNDA:3,StretchCard
FNDA:0,(anonymous_1)
DA:8,3
DA:9,0
DA:29,7
LF:3
LH:2
BRF:0
BRH:0
end_of_record
TN:
SF:atoms\visitweb.js
FN:8,VisitWeb
FN:9,(anonymous_1)
FNF:2
FNH:1
FNDA:1,VisitWeb
FNDA:0,(anonymous_1)
DA:9,1
DA:20,1
DA:38,5
LF:3
LH:3
BRF:0
BRH:0
end_of_record
TN:
SF:components\dashboard_components\bottom_sheet.js
FN:9,DashBoardBottomSheet
FN:10,(anonymous_1)
FN:21,(anonymous_2)
FN:28,(anonymous_3)
FN:43,(anonymous_4)
FNF:5
FNH:2
FNDA:3,DashBoardBottomSheet
FNDA:0,(anonymous_1)
FNDA:0,(anonymous_2)
FNDA:0,(anonymous_3)
FNDA:12,(anonymous_4)
DA:10,3
DA:20,3
DA:21,0
DA:28,0
DA:31,3
DA:44,12
DA:58,3
LF:7
LH:5
BRF:0
BRH:0
end_of_record
TN:
SF:components\dashboard_components\dash_row.js
FN:9,DashboardRows
FN:10,(anonymous_1)
FNF:2
FNH:1
FNDA:2,DashboardRows
FNDA:0,(anonymous_1)
DA:10,2
DA:20,2
DA:49,5
LF:3
LH:3
BRF:0
BRH:0
end_of_record
TN:
SF:components\dashboard_components\dash_slider.js
FN:11,DashboardSlider
FN:41,(anonymous_1)
FNF:2
FNH:2
FNDA:2,DashboardSlider
FNDA:8,(anonymous_1)
DA:12,2
DA:38,2
DA:40,2
DA:41,2
DA:43,8
DA:46,2
LF:6
LH:6
BRF:0
BRH:0
end_of_record
TN:
SF:components\dashboard_components\dash_tiles.js
FN:7,DashboardButtonTiles
FNF:1
FNH:1
FNDA:1,DashboardButtonTiles
DA:8,1
DA:30,4
LF:2
LH:2
BRF:0
BRH:0
end_of_record
TN:
SF:components\dashboard_components\ticker.js
FN:8,(anonymous_0)
FNF:1
FNH:1
FNDA:1,(anonymous_0)
DA:9,1
DA:41,2
LF:2
LH:2
BRF:0
BRH:0
end_of_record
TN:
SF:components\land_report\date_selector.js
FN:10,Date_Selector
FN:55,(anonymous_1)
FN:73,(anonymous_2)
FNF:3
FNH:0
FNDA:0,Date_Selector
FNDA:0,(anonymous_1)
FNDA:0,(anonymous_2)
DA:13,0
DA:14,0
DA:47,0
DA:55,0
DA:73,0
DA:88,2
LF:6
LH:1
BRDA:51,0,0,0
BRDA:51,0,1,0
BRF:2
BRH:0
end_of_record
TN:
SF:components\land_report\image_viewer.js
FN:10,Image_Viewer
FN:34,(anonymous_1)
FN:52,(anonymous_2)
FNF:3
FNH:1
FNDA:1,Image_Viewer
FNDA:0,(anonymous_1)
FNDA:0,(anonymous_2)
DA:26,1
DA:34,0
DA:52,0
DA:72,3
LF:4
LH:2
BRDA:30,0,0,1
BRDA:30,0,1,0
BRF:2
BRH:1
end_of_record
TN:
SF:components\land_report\land_report.js
FN:12,Land_Report
FN:75,(anonymous_1)
FN:94,(anonymous_2)
FNF:3
FNH:1
FNDA:1,Land_Report
FNDA:0,(anonymous_1)
FNDA:0,(anonymous_2)
DA:14,1
DA:15,1
DA:16,1
DA:17,1
DA:18,1
DA:19,1
DA:20,1
DA:66,1
DA:75,0
DA:94,0
DA:146,3
LF:11
LH:9
BRDA:71,0,0,0
BRDA:71,0,1,1
BRDA:100,1,0,0
BRDA:100,1,1,1
BRF:4
BRH:2
end_of_record
TN:
SF:components\land_report\land_report_map.js
FN:10,Land_Report_Map
FN:25,(anonymous_1)
FN:44,(anonymous_2)
FNF:3
FNH:1
FNDA:2,Land_Report_Map
FNDA:0,(anonymous_1)
FNDA:0,(anonymous_2)
DA:17,2
DA:18,2
DA:20,2
DA:25,0
DA:44,0
DA:52,3
LF:6
LH:4
BRF:0
BRH:0
end_of_record
TN:
SF:components\myaccount\details.js
FN:8,Details
FN:42,(anonymous_1)
FN:45,(anonymous_2)
FN:48,(anonymous_3)
FN:52,(anonymous_4)
FN:54,(anonymous_5)
FN:71,(anonymous_6)
FNF:7
FNH:1
FNDA:1,Details
FNDA:0,(anonymous_1)
FNDA:0,(anonymous_2)
FNDA:0,(anonymous_3)
FNDA:0,(anonymous_4)
FNDA:0,(anonymous_5)
FNDA:0,(anonymous_6)
DA:9,1
DA:10,1
DA:11,1
DA:12,1
DA:13,1
DA:14,1
DA:15,1
DA:16,1
DA:18,1
DA:20,1
DA:22,1
DA:42,1
DA:43,0
DA:44,0
DA:46,0
DA:47,0
DA:49,0
DA:52,0
DA:54,0
DA:59,1
DA:71,0
DA:115,4
LF:22
LH:14
BRDA:62,0,0,1
BRDA:62,0,1,0
BRDA:73,1,0,0
BRDA:73,1,1,1
BRF:4
BRH:2
end_of_record
TN:
SF:components\myaccount\sign_in_sign_up.js
FN:10,SignInForm
FN:80,(anonymous_1)
FN:94,(anonymous_2)
FN:101,(anonymous_3)
FN:103,(anonymous_4)
FN:107,(anonymous_5)
FN:109,(anonymous_6)
FN:113,(anonymous_7)
FN:160,(anonymous_8)
FN:164,(anonymous_9)
FN:200,(anonymous_10)
FN:212,(anonymous_11)
FN:216,(anonymous_12)
FNF:13
FNH:1
FNDA:2,SignInForm
FNDA:0,(anonymous_1)
FNDA:0,(anonymous_2)
FNDA:0,(anonymous_3)
FNDA:0,(anonymous_4)
FNDA:0,(anonymous_5)
FNDA:0,(anonymous_6)
FNDA:0,(anonymous_7)
FNDA:0,(anonymous_8)
FNDA:0,(anonymous_9)
FNDA:0,(anonymous_10)
FNDA:0,(anonymous_11)
FNDA:0,(anonymous_12)
DA:11,2
DA:12,2
DA:13,2
DA:15,2
DA:17,2
DA:18,2
DA:19,2
DA:20,2
DA:21,2
DA:22,2
DA:80,2
DA:81,0
DA:82,0
DA:83,0
DA:84,0
DA:85,0
DA:86,0
DA:88,0
DA:89,0
DA:90,0
DA:91,0
DA:93,0
DA:95,0
DA:96,0
DA:97,0
DA:98,0
DA:99,0
DA:100,0
DA:102,0
DA:104,0
DA:107,0
DA:109,0
DA:114,0
DA:115,0
DA:116,0
DA:128,2
DA:160,0
DA:164,0
DA:200,0
DA:212,0
DA:216,0
DA:226,4
LF:42
LH:13
BRDA:83,0,0,0
BRDA:83,0,1,0
BRDA:88,1,0,0
BRDA:88,1,1,0
BRDA:131,2,0,0
BRDA:131,2,1,2
BRDA:143,3,0,2
BRDA:143,3,1,0
BRDA:163,4,0,2
BRDA:163,4,1,0
BRDA:215,5,0,0
BRDA:215,5,1,0
BRF:12
BRH:3
end_of_record
TN:
SF:components\notepage\privatenote.js
FN:8,PrivateNote
FNF:1
FNH:1
FNDA:1,PrivateNote
DA:10,1
DA:11,1
DA:12,1
DA:49,1
DA:79,8
LF:5
LH:5
BRDA:52,0,0,1
BRDA:52,0,1,0
BRF:2
BRH:1
end_of_record
TN:
SF:components\notepage\publicnote.js
FN:8,PublicNote
FNF:1
FNH:1
FNDA:2,PublicNote
DA:10,2
DA:11,2
DA:12,2
DA:54,2
DA:84,8
LF:5
LH:5
BRDA:57,0,0,2
BRDA:57,0,1,0
BRF:2
BRH:1
end_of_record
TN:
SF:components\postpage\auth_posts.js
FN:6,AuthPosts
FN:18,(anonymous_1)
FNF:2
FNH:2
FNDA:1,AuthPosts
FNDA:1,(anonymous_1)
DA:7,1
DA:17,1
DA:18,1
DA:19,1
DA:22,1
DA:32,9
LF:6
LH:6
BRF:0
BRH:0
end_of_record
TN:
SF:components\postpage\guest_posts.js
FN:7,GuestsPosts
FN:34,(anonymous_1)
FN:67,(anonymous_2)
FN:77,(anonymous_3)
FN:106,ProcessPosts
FN:108,(anonymous_5)
FN:110,(anonymous_6)
FN:118,splitArrayIntoChunksOfLen
FNF:8
FNH:1
FNDA:2,GuestsPosts
FNDA:0,(anonymous_1)
FNDA:0,(anonymous_2)
FNDA:0,(anonymous_3)
FNDA:0,ProcessPosts
FNDA:0,(anonymous_5)
FNDA:0,(anonymous_6)
FNDA:0,splitArrayIntoChunksOfLen
DA:9,2
DA:10,2
DA:11,2
DA:26,2
DA:27,2
DA:29,2
DA:30,2
DA:32,0
DA:33,0
DA:34,0
DA:35,0
DA:44,0
DA:49,2
DA:68,0
DA:78,0
DA:79,0
DA:98,9
DA:107,0
DA:108,0
DA:109,0
DA:110,0
DA:111,0
DA:112,0
DA:115,0
DA:119,0
DA:120,0
DA:121,0
DA:123,0
LF:28
LH:9
BRDA:30,0,0,0
BRDA:30,0,1,2
BRDA:52,1,0,2
BRDA:52,1,1,0
BRF:4
BRH:2
end_of_record
TN:
SF:components\qna_components\MessagePanel.js
FN:9,MessagePanel
FNF:1
FNH:1
FNDA:1,MessagePanel
DA:11,1
DA:30,1
DA:41,3
LF:3
LH:3
BRF:0
BRH:0
end_of_record
TN:
SF:components\qna_components\MinistrySelector.js
FN:8,MinistrySelector
FNF:1
FNH:1
FNDA:1,MinistrySelector
DA:10,1
DA:12,1
DA:70,1
DA:81,3
LF:4
LH:4
BRF:0
BRH:0
end_of_record
TN:
SF:pages\dashboard.js
FN:17,Dashboard
FN:34,(anonymous_1)
FNF:2
FNH:1
FNDA:1,Dashboard
FNDA:0,(anonymous_1)
DA:18,1
DA:21,1
DA:34,0
DA:59,2
LF:4
LH:3
BRF:0
BRH:0
end_of_record
TN:
SF:pages\land_report_page.js
FN:8,Land_Report_page
FNF:1
FNH:1
FNDA:1,Land_Report_page
DA:25,1
DA:26,1
DA:27,1
DA:28,1
DA:29,1
DA:30,1
DA:32,1
DA:33,1
DA:55,2
LF:9
LH:9
BRDA:36,0,0,1
BRDA:36,0,1,0
BRDA:39,1,0,0
BRDA:39,1,1,0
BRDA:43,2,0,0
BRDA:43,2,1,0
BRDA:46,3,0,0
BRDA:46,3,1,0
BRF:8
BRH:1
end_of_record
TN:
SF:pages\myaccount.js
FN:16,MyAccount
FN:19,(anonymous_1)
FNF:2
FNH:1
FNDA:1,MyAccount
FNDA:0,(anonymous_1)
DA:17,1
DA:19,1
DA:20,0
DA:22,1
DA:35,2
LF:5
LH:4
BRDA:25,0,0,0
BRDA:25,0,1,1
BRDA:25,1,0,1
BRDA:25,1,1,1
BRF:4
BRH:3
end_of_record
TN:
SF:pages\note_page.js
FN:10,NotePage
FN:48,(anonymous_1)
FNF:2
FNH:1
FNDA:1,NotePage
FNDA:0,(anonymous_1)
DA:13,1
DA:14,1
DA:33,1
DA:48,0
DA:64,7
LF:5
LH:4
BRDA:38,0,0,1
BRDA:38,0,1,0
BRDA:46,1,0,0
BRDA:46,1,1,0
BRDA:56,2,0,0
BRDA:56,2,1,1
BRF:6
BRH:2
end_of_record
TN:
SF:pages\posts_page.js
FN:8,PostPage
FNF:1
FNH:1
FNDA:1,PostPage
DA:11,1
DA:12,1
DA:31,1
DA:65,2
LF:4
LH:4
BRDA:36,0,0,0
BRDA:36,0,1,1
BRDA:54,1,0,0
BRDA:54,1,1,1
BRF:4
BRH:2
end_of_record
TN:
SF:pages\qnapage.js
FN:19,QnAPage
FN:54,(anonymous_1)
FNF:2
FNH:1
FNDA:1,QnAPage
FNDA:0,(anonymous_1)
DA:21,1
DA:22,1
DA:23,1
DA:25,1
DA:51,1
DA:54,0
DA:73,2
LF:7
LH:6
BRDA:53,0,0,1
BRDA:53,0,1,0
BRDA:61,1,0,0
BRDA:61,1,1,0
BRF:4
BRH:1
end_of_record
TN:
SF:server\endpoints.js
FNF:0
FNH:0
DA:3,21
DA:4,21
DA:5,21
DA:6,21
DA:9,21
DA:11,21
DA:12,21
DA:13,21
DA:15,21
DA:16,21
DA:18,21
LF:11
LH:11
BRF:0
BRH:0
end_of_record
TN:
SF:server\host.js
FNF:0
FNH:0
DA:1,21
LF:1
LH:1
BRF:0
BRH:0
end_of_record
TN:
SF:server\noterequestgenerator.js
FN:10,requestPublicNotes
FN:14,requestPrivateNotes
FNF:2
FNH:2
FNDA:1,requestPublicNotes
FNDA:1,requestPrivateNotes
DA:11,1
DA:15,1
DA:16,1
DA:21,1
LF:4
LH:4
BRF:0
BRH:0
end_of_record
TN:
SF:server\postrequestgenerator.js
FN:9,requestAllPosts
FNF:1
FNH:1
FNDA:1,requestAllPosts
DA:10,1
LF:1
LH:1
BRF:0
BRH:0
end_of_record
TN:
SF:server\qnarequestgenerator.js
FN:9,requestAllQuestions
FNF:1
FNH:1
FNDA:1,requestAllQuestions
DA:10,1
DA:11,1
DA:16,1
LF:3
LH:3
BRF:0
BRH:0
end_of_record
TN:
SF:server\reportrequestgenerator.js
FN:11,requestavailabledates
FN:23,requestsateliteimage
FN:36,request_land_report
FNF:3
FNH:3
FNDA:1,requestavailabledates
FNDA:1,requestsateliteimage
FNDA:1,request_land_report
DA:12,1
DA:24,1
DA:38,1
DA:39,1
LF:4
LH:4
BRF:0
BRH:0
end_of_record
TN:
SF:server\requestgenerator.js
FN:12,requestSignIn
FN:17,requestSignUp
FN:29,requestUserData
FN:39,requestLogOut
FNF:4
FNH:4
FNDA:1,requestSignIn
FNDA:1,requestSignUp
FNDA:1,requestUserData
FNDA:1,requestLogOut
DA:13,1
DA:14,1
DA:18,1
DA:26,1
DA:30,1
DA:31,1
DA:36,1
DA:40,1
DA:41,1
DA:46,1
LF:10
LH:10
BRF:0
BRH:0
end_of_record
TN:
SF:shared\colors.js
FNF:0
FNH:0
DA:1,26
DA:2,26
DA:3,26
DA:4,26
DA:5,26
DA:6,26
DA:9,26
DA:10,26
DA:12,26
LF:9
LH:9
BRF:0
BRH:0
end_of_record
TN:
SF:storage\storemanager.js
FN:9,(anonymous_0)
FN:24,(anonymous_1)
FN:38,(anonymous_2)
FNF:3
FNH:3
FNDA:1,(anonymous_0)
FNDA:1,(anonymous_1)
FNDA:2,(anonymous_2)
DA:9,14
DA:10,1
DA:14,1
DA:18,1
DA:24,14
DA:25,1
DA:28,1
DA:31,1
DA:35,1
DA:38,14
DA:39,2
DA:42,1
DA:46,1
LF:13
LH:13
BRF:0
BRH:0
end_of_record
